# JRE version: OpenJDK Runtime Environment (17.0.10) (build 17.0.10+0--11572160)
# Java VM: OpenJDK 64-Bit Server VM (17.0.10+0--11572160, mixed mode, tiered, compressed oops, compressed class ptrs, g1 gc, windows-amd64)
GC Precious Log:
 CPUs: 12 total, 12 available
 Memory: 19837M
 Large Page Support: Disabled
 NUMA Support: Disabled
 Compressed Oops: Enabled (Zero based)
 Heap Region Size: 2M
 Heap Min Capacity: 8M
 Heap Initial Capacity: 310M
 Heap Max Capacity: 4G
 Pre-touch: Disabled
 Parallel Workers: 10
 Concurrent Workers: 3
 Concurrent Refinement Workers: 10
 Periodic GC: Disabled
Heap:
 garbage-first heap   total 800768K, used 201807K [0x0000000700000000, 0x0000000800000000)
  region size 2048K, 2 young (4096K), 2 survivors (4096K)
 Metaspace       used 145389K, committed 147072K, reserved 1179648K
  class space    used 19436K, committed 20224K, reserved 1048576K
GC Heap History (20 events):
Event: 541.212 GC heap after
{Heap after GC invocations=102 (full 0):
 garbage-first heap   total 634880K, used 195418K [0x0000000700000000, 0x0000000800000000)
  region size 2048K, 3 young (6144K), 3 survivors (6144K)
 Metaspace       used 144489K, committed 146176K, reserved 1179648K
  class space    used 19411K, committed 20224K, reserved 1048576K
}
Event: 544.135 GC heap before
{Heap before GC invocations=102 (full 0):
 garbage-first heap   total 634880K, used 392026K [0x0000000700000000, 0x0000000800000000)
  region size 2048K, 101 young (206848K), 3 survivors (6144K)
 Metaspace       used 144621K, committed 146304K, reserved 1179648K
  class space    used 19428K, committed 20224K, reserved 1048576K
}
Event: 544.137 GC heap after
{Heap after GC invocations=103 (full 0):
 garbage-first heap   total 634880K, used 192597K [0x0000000700000000, 0x0000000800000000)
  region size 2048K, 2 young (4096K), 2 survivors (4096K)
 Metaspace       used 144621K, committed 146304K, reserved 1179648K
  class space    used 19428K, committed 20224K, reserved 1048576K
}
Event: 585.832 GC heap before
{Heap before GC invocations=104 (full 0):
 garbage-first heap   total 634880K, used 569429K [0x0000000700000000, 0x0000000800000000)
  region size 2048K, 168 young (344064K), 2 survivors (4096K)
 Metaspace       used 144827K, committed 146560K, reserved 1179648K
  class space    used 19429K, committed 20224K, reserved 1048576K
}
Event: 585.845 GC heap after
{Heap after GC invocations=105 (full 0):
 garbage-first heap   total 634880K, used 212513K [0x0000000700000000, 0x0000000800000000)
  region size 2048K, 11 young (22528K), 11 survivors (22528K)
 Metaspace       used 144827K, committed 146560K, reserved 1179648K
  class space    used 19429K, committed 20224K, reserved 1048576K
}
Event: 585.866 GC heap before
{Heap before GC invocations=105 (full 0):
 garbage-first heap   total 634880K, used 220705K [0x0000000700000000, 0x0000000800000000)
  region size 2048K, 15 young (30720K), 11 survivors (22528K)
 Metaspace       used 144827K, committed 146560K, reserved 1179648K
  class space    used 19429K, committed 20224K, reserved 1048576K
}
Event: 585.877 GC heap after
{Heap after GC invocations=106 (full 0):
 garbage-first heap   total 634880K, used 197035K [0x0000000700000000, 0x0000000800000000)
  region size 2048K, 1 young (2048K), 1 survivors (2048K)
 Metaspace       used 144827K, committed 146560K, reserved 1179648K
  class space    used 19429K, committed 20224K, reserved 1048576K
}
Event: 586.183 GC heap before
{Heap before GC invocations=106 (full 0):
 garbage-first heap   total 634880K, used 272811K [0x0000000700000000, 0x0000000800000000)
  region size 2048K, 40 young (81920K), 1 survivors (2048K)
 Metaspace       used 144865K, committed 146560K, reserved 1179648K
  class space    used 19429K, committed 20224K, reserved 1048576K
}
Event: 586.185 GC heap after
{Heap after GC invocations=107 (full 0):
 garbage-first heap   total 634880K, used 196133K [0x0000000700000000, 0x0000000800000000)
  region size 2048K, 1 young (2048K), 1 survivors (2048K)
 Metaspace       used 144865K, committed 146560K, reserved 1179648K
  class space    used 19429K, committed 20224K, reserved 1048576K
}
Event: 651.878 GC heap before
{Heap before GC invocations=108 (full 0):
 garbage-first heap   total 634880K, used 558629K [0x0000000700000000, 0x0000000800000000)
  region size 2048K, 160 young (327680K), 1 survivors (2048K)
 Metaspace       used 145121K, committed 146816K, reserved 1179648K
  class space    used 19435K, committed 20224K, reserved 1048576K
}
Event: 651.891 GC heap after
{Heap after GC invocations=109 (full 0):
 garbage-first heap   total 634880K, used 215366K [0x0000000700000000, 0x0000000800000000)
  region size 2048K, 10 young (20480K), 10 survivors (20480K)
 Metaspace       used 145121K, committed 146816K, reserved 1179648K
  class space    used 19435K, committed 20224K, reserved 1048576K
}
Event: 651.917 GC heap before
{Heap before GC invocations=109 (full 0):
 garbage-first heap   total 634880K, used 225606K [0x0000000700000000, 0x0000000800000000)
  region size 2048K, 15 young (30720K), 10 survivors (20480K)
 Metaspace       used 145125K, committed 146816K, reserved 1179648K
  class space    used 19435K, committed 20224K, reserved 1048576K
}
Event: 651.926 GC heap after
{Heap after GC invocations=110 (full 0):
 garbage-first heap   total 634880K, used 201143K [0x0000000700000000, 0x0000000800000000)
  region size 2048K, 2 young (4096K), 2 survivors (4096K)
 Metaspace       used 145125K, committed 146816K, reserved 1179648K
  class space    used 19435K, committed 20224K, reserved 1048576K
}
Event: 652.324 GC heap before
{Heap before GC invocations=110 (full 0):
 garbage-first heap   total 634880K, used 301495K [0x0000000700000000, 0x0000000800000000)
  region size 2048K, 53 young (108544K), 2 survivors (4096K)
 Metaspace       used 145146K, committed 146816K, reserved 1179648K
  class space    used 19436K, committed 20224K, reserved 1048576K
}
Event: 652.327 GC heap after
{Heap after GC invocations=111 (full 0):
 garbage-first heap   total 634880K, used 200408K [0x0000000700000000, 0x0000000800000000)
  region size 2048K, 2 young (4096K), 2 survivors (4096K)
 Metaspace       used 145146K, committed 146816K, reserved 1179648K
  class space    used 19436K, committed 20224K, reserved 1048576K
}
Event: 785.360 GC heap before
{Heap before GC invocations=112 (full 0):
 garbage-first heap   total 634880K, used 560856K [0x0000000700000000, 0x0000000800000000)
  region size 2048K, 160 young (327680K), 2 survivors (4096K)
 Metaspace       used 145319K, committed 147008K, reserved 1179648K
  class space    used 19436K, committed 20224K, reserved 1048576K
}
Event: 785.373 GC heap after
{Heap after GC invocations=113 (full 0):
 garbage-first heap   total 634880K, used 219080K [0x0000000700000000, 0x0000000800000000)
  region size 2048K, 11 young (22528K), 11 survivors (22528K)
 Metaspace       used 145319K, committed 147008K, reserved 1179648K
  class space    used 19436K, committed 20224K, reserved 1048576K
}
Event: 785.391 GC heap before
{Heap before GC invocations=113 (full 0):
 garbage-first heap   total 634880K, used 227272K [0x0000000700000000, 0x0000000800000000)
  region size 2048K, 15 young (30720K), 11 survivors (22528K)
 Metaspace       used 145324K, committed 147008K, reserved 1179648K
  class space    used 19436K, committed 20224K, reserved 1048576K
}
Event: 785.401 GC heap after
{Heap after GC invocations=114 (full 0):
 garbage-first heap   total 634880K, used 201818K [0x0000000700000000, 0x0000000800000000)
  region size 2048K, 2 young (4096K), 2 survivors (4096K)
 Metaspace       used 145324K, committed 147008K, reserved 1179648K
  class space    used 19436K, committed 20224K, reserved 1048576K
}
Event: 786.017 GC heap before
{Heap before GC invocations=114 (full 0):
 garbage-first heap   total 634880K, used 306266K [0x0000000700000000, 0x0000000800000000)
  region size 2048K, 55 young (112640K), 2 survivors (4096K)
 Metaspace       used 145389K, committed 147072K, reserved 1179648K
  class space    used 19436K, committed 20224K, reserved 1048576K
}

