# JRE version: OpenJDK Runtime Environment (17.0.10) (build 17.0.10+0--11572160)
# Java VM: OpenJDK 64-Bit Server VM (17.0.10+0--11572160, mixed mode, tiered, compressed oops, compressed class ptrs, g1 gc, windows-amd64)
GC Precious Log:
 CPUs: 12 total, 12 available
 Memory: 19837M
 Large Page Support: Disabled
 NUMA Support: Disabled
 Compressed Oops: Enabled (Zero based)
 Heap Region Size: 2M
 Heap Min Capacity: 8M
 Heap Initial Capacity: 310M
 Heap Max Capacity: 4G
 Pre-touch: Disabled
 Parallel Workers: 10
 Concurrent Workers: 3
 Concurrent Refinement Workers: 10
 Periodic GC: Disabled
Heap:
 garbage-first heap   total 747520K, used 597620K [0x0000000700000000, 0x0000000800000000)
  region size 2048K, 4 young (8192K), 4 survivors (8192K)
 Metaspace       used 173407K, committed 174656K, reserved 1245184K
  class space    used 22699K, committed 23296K, reserved 1048576K
GC Heap History (20 events):
Event: 230.652 GC heap after
{Heap after GC invocations=78 (full 0):
 garbage-first heap   total 638976K, used 361044K [0x0000000700000000, 0x0000000800000000)
  region size 2048K, 4 young (8192K), 4 survivors (8192K)
 Metaspace       used 165629K, committed 166848K, reserved 1245184K
  class space    used 21610K, committed 22208K, reserved 1048576K
}
Event: 230.779 GC heap before
{Heap before GC invocations=78 (full 0):
 garbage-first heap   total 638976K, used 371284K [0x0000000700000000, 0x0000000800000000)
  region size 2048K, 10 young (20480K), 4 survivors (8192K)
 Metaspace       used 165820K, committed 167040K, reserved 1245184K
  class space    used 21644K, committed 22272K, reserved 1048576K
}
Event: 230.784 GC heap after
{Heap after GC invocations=79 (full 0):
 garbage-first heap   total 638976K, used 360277K [0x0000000700000000, 0x0000000800000000)
  region size 2048K, 4 young (8192K), 4 survivors (8192K)
 Metaspace       used 165820K, committed 167040K, reserved 1245184K
  class space    used 21644K, committed 22272K, reserved 1048576K
}
Event: 231.801 GC heap before
{Heap before GC invocations=80 (full 0):
 garbage-first heap   total 638976K, used 542549K [0x0000000700000000, 0x0000000800000000)
  region size 2048K, 94 young (192512K), 4 survivors (8192K)
 Metaspace       used 169855K, committed 171072K, reserved 1245184K
  class space    used 22185K, committed 22784K, reserved 1048576K
}
Event: 231.814 GC heap after
{Heap after GC invocations=81 (full 0):
 garbage-first heap   total 638976K, used 389819K [0x0000000700000000, 0x0000000800000000)
  region size 2048K, 12 young (24576K), 12 survivors (24576K)
 Metaspace       used 169855K, committed 171072K, reserved 1245184K
  class space    used 22185K, committed 22784K, reserved 1048576K
}
Event: 231.824 GC heap before
{Heap before GC invocations=81 (full 0):
 garbage-first heap   total 638976K, used 393915K [0x0000000700000000, 0x0000000800000000)
  region size 2048K, 15 young (30720K), 12 survivors (24576K)
 Metaspace       used 169943K, committed 171200K, reserved 1245184K
  class space    used 22201K, committed 22848K, reserved 1048576K
}
Event: 231.834 GC heap after
{Heap after GC invocations=82 (full 0):
 garbage-first heap   total 638976K, used 328332K [0x0000000700000000, 0x0000000800000000)
  region size 2048K, 1 young (2048K), 1 survivors (2048K)
 Metaspace       used 169943K, committed 171200K, reserved 1245184K
  class space    used 22201K, committed 22848K, reserved 1048576K
}
Event: 231.873 GC heap before
{Heap before GC invocations=82 (full 0):
 garbage-first heap   total 638976K, used 359052K [0x0000000700000000, 0x0000000800000000)
  region size 2048K, 15 young (30720K), 1 survivors (2048K)
 Metaspace       used 170213K, committed 171392K, reserved 1245184K
  class space    used 22241K, committed 22848K, reserved 1048576K
}
Event: 231.878 GC heap after
{Heap after GC invocations=83 (full 0):
 garbage-first heap   total 638976K, used 322604K [0x0000000700000000, 0x0000000800000000)
  region size 2048K, 2 young (4096K), 2 survivors (4096K)
 Metaspace       used 170213K, committed 171392K, reserved 1245184K
  class space    used 22241K, committed 22848K, reserved 1048576K
}
Event: 232.387 GC heap before
{Heap before GC invocations=83 (full 0):
 garbage-first heap   total 638976K, used 599084K [0x0000000700000000, 0x0000000800000000)
  region size 2048K, 97 young (198656K), 2 survivors (4096K)
 Metaspace       used 170868K, committed 172032K, reserved 1245184K
  class space    used 22313K, committed 22912K, reserved 1048576K
}
Event: 232.417 GC heap after
{Heap after GC invocations=84 (full 0):
 garbage-first heap   total 667648K, used 422879K [0x0000000700000000, 0x0000000800000000)
  region size 2048K, 13 young (26624K), 13 survivors (26624K)
 Metaspace       used 170868K, committed 172032K, reserved 1245184K
  class space    used 22313K, committed 22912K, reserved 1048576K
}
Event: 232.939 GC heap before
{Heap before GC invocations=85 (full 0):
 garbage-first heap   total 747520K, used 539615K [0x0000000700000000, 0x0000000800000000)
  region size 2048K, 66 young (135168K), 13 survivors (26624K)
 Metaspace       used 171642K, committed 172928K, reserved 1245184K
  class space    used 22452K, committed 23104K, reserved 1048576K
}
Event: 232.980 GC heap after
{Heap after GC invocations=86 (full 0):
 garbage-first heap   total 747520K, used 461389K [0x0000000700000000, 0x0000000800000000)
  region size 2048K, 9 young (18432K), 9 survivors (18432K)
 Metaspace       used 171642K, committed 172928K, reserved 1245184K
  class space    used 22452K, committed 23104K, reserved 1048576K
}
Event: 233.078 GC heap before
{Heap before GC invocations=86 (full 0):
 garbage-first heap   total 747520K, used 479821K [0x0000000700000000, 0x0000000800000000)
  region size 2048K, 18 young (36864K), 9 survivors (18432K)
 Metaspace       used 172189K, committed 173440K, reserved 1245184K
  class space    used 22526K, committed 23168K, reserved 1048576K
}
Event: 233.112 GC heap after
{Heap after GC invocations=87 (full 0):
 garbage-first heap   total 747520K, used 465485K [0x0000000700000000, 0x0000000800000000)
  region size 2048K, 3 young (6144K), 3 survivors (6144K)
 Metaspace       used 172189K, committed 173440K, reserved 1245184K
  class space    used 22526K, committed 23168K, reserved 1048576K
}
Event: 233.397 GC heap before
{Heap before GC invocations=87 (full 0):
 garbage-first heap   total 747520K, used 586317K [0x0000000700000000, 0x0000000800000000)
  region size 2048K, 63 young (129024K), 3 survivors (6144K)
 Metaspace       used 173199K, committed 174464K, reserved 1245184K
  class space    used 22662K, committed 23296K, reserved 1048576K
}
Event: 233.434 GC heap after
{Heap after GC invocations=88 (full 0):
 garbage-first heap   total 747520K, used 527360K [0x0000000700000000, 0x0000000800000000)
  region size 2048K, 8 young (16384K), 8 survivors (16384K)
 Metaspace       used 173199K, committed 174464K, reserved 1245184K
  class space    used 22662K, committed 23296K, reserved 1048576K
}
Event: 233.555 GC heap before
{Heap before GC invocations=88 (full 0):
 garbage-first heap   total 747520K, used 601088K [0x0000000700000000, 0x0000000800000000)
  region size 2048K, 44 young (90112K), 8 survivors (16384K)
 Metaspace       used 173406K, committed 174656K, reserved 1245184K
  class space    used 22699K, committed 23296K, reserved 1048576K
}
Event: 233.585 GC heap after
{Heap after GC invocations=89 (full 0):
 garbage-first heap   total 747520K, used 569023K [0x0000000700000000, 0x0000000800000000)
  region size 2048K, 6 young (12288K), 6 survivors (12288K)
 Metaspace       used 173406K, committed 174656K, reserved 1245184K
  class space    used 22699K, committed 23296K, reserved 1048576K
}
Event: 233.672 GC heap before
{Heap before GC invocations=89 (full 0):
 garbage-first heap   total 747520K, used 618175K [0x0000000700000000, 0x0000000800000000)
  region size 2048K, 30 young (61440K), 6 survivors (12288K)
 Metaspace       used 173407K, committed 174656K, reserved 1245184K
  class space    used 22699K, committed 23296K, reserved 1048576K
}

