# JRE version: OpenJDK Runtime Environment (17.0.10) (build 17.0.10+0--11572160)
# Java VM: OpenJDK 64-Bit Server VM (17.0.10+0--11572160, mixed mode, tiered, compressed oops, compressed class ptrs, g1 gc, windows-amd64)
GC Precious Log:
 CPUs: 12 total, 12 available
 Memory: 19837M
 Large Page Support: Disabled
 NUMA Support: Disabled
 Compressed Oops: Enabled (Zero based)
 Heap Region Size: 4M
 Heap Min Capacity: 8M
 Heap Initial Capacity: 312M
 Heap Max Capacity: 4960M
 Pre-touch: Disabled
 Parallel Workers: 10
 Concurrent Workers: 3
 Concurrent Refinement Workers: 10
 Periodic GC: Disabled
Heap:
 garbage-first heap   total 319488K, used 151647K [0x00000006ca000000, 0x0000000800000000)
  region size 4096K, 1 young (4096K), 1 survivors (4096K)
 Metaspace       used 90036K, committed 90432K, reserved 1179648K
  class space    used 9354K, committed 9536K, reserved 1048576K
GC Heap History (20 events):
Event: 23.803 GC heap after
{Heap after GC invocations=37 (full 0):
 garbage-first heap   total 241664K, used 120199K [0x00000006ca000000, 0x0000000800000000)
  region size 4096K, 3 young (12288K), 3 survivors (12288K)
 Metaspace       used 65363K, committed 65664K, reserved 1114112K
  class space    used 7154K, committed 7296K, reserved 1048576K
}
Event: 25.282 GC heap before
{Heap before GC invocations=38 (full 0):
 garbage-first heap   total 241664K, used 193927K [0x00000006ca000000, 0x0000000800000000)
  region size 4096K, 21 young (86016K), 3 survivors (12288K)
 Metaspace       used 72309K, committed 72640K, reserved 1114112K
  class space    used 7822K, committed 8000K, reserved 1048576K
}
Event: 25.294 GC heap after
{Heap after GC invocations=39 (full 0):
 garbage-first heap   total 241664K, used 124112K [0x00000006ca000000, 0x0000000800000000)
  region size 4096K, 3 young (12288K), 3 survivors (12288K)
 Metaspace       used 72309K, committed 72640K, reserved 1114112K
  class space    used 7822K, committed 8000K, reserved 1048576K
}
Event: 26.847 GC heap before
{Heap before GC invocations=39 (full 0):
 garbage-first heap   total 241664K, used 193744K [0x00000006ca000000, 0x0000000800000000)
  region size 4096K, 20 young (81920K), 3 survivors (12288K)
 Metaspace       used 74497K, committed 74816K, reserved 1179648K
  class space    used 8035K, committed 8192K, reserved 1048576K
}
Event: 26.865 GC heap after
{Heap after GC invocations=40 (full 0):
 garbage-first heap   total 241664K, used 132708K [0x00000006ca000000, 0x0000000800000000)
  region size 4096K, 3 young (12288K), 3 survivors (12288K)
 Metaspace       used 74497K, committed 74816K, reserved 1179648K
  class space    used 8035K, committed 8192K, reserved 1048576K
}
Event: 27.671 GC heap before
{Heap before GC invocations=41 (full 0):
 garbage-first heap   total 253952K, used 190052K [0x00000006ca000000, 0x0000000800000000)
  region size 4096K, 17 young (69632K), 3 survivors (12288K)
 Metaspace       used 75862K, committed 76224K, reserved 1179648K
  class space    used 8150K, committed 8320K, reserved 1048576K
}
Event: 27.690 GC heap after
{Heap after GC invocations=42 (full 0):
 garbage-first heap   total 253952K, used 145017K [0x00000006ca000000, 0x0000000800000000)
  region size 4096K, 3 young (12288K), 3 survivors (12288K)
 Metaspace       used 75862K, committed 76224K, reserved 1179648K
  class space    used 8150K, committed 8320K, reserved 1048576K
}
Event: 28.440 GC heap before
{Heap before GC invocations=42 (full 0):
 garbage-first heap   total 253952K, used 198265K [0x00000006ca000000, 0x0000000800000000)
  region size 4096K, 16 young (65536K), 3 survivors (12288K)
 Metaspace       used 76768K, committed 77120K, reserved 1179648K
  class space    used 8208K, committed 8384K, reserved 1048576K
}
Event: 28.459 GC heap after
{Heap after GC invocations=43 (full 0):
 garbage-first heap   total 253952K, used 159080K [0x00000006ca000000, 0x0000000800000000)
  region size 4096K, 2 young (8192K), 2 survivors (8192K)
 Metaspace       used 76768K, committed 77120K, reserved 1179648K
  class space    used 8208K, committed 8384K, reserved 1048576K
}
Event: 29.189 GC heap before
{Heap before GC invocations=44 (full 0):
 garbage-first heap   total 286720K, used 195944K [0x00000006ca000000, 0x0000000800000000)
  region size 4096K, 11 young (45056K), 2 survivors (8192K)
 Metaspace       used 78717K, committed 79104K, reserved 1179648K
  class space    used 8411K, committed 8576K, reserved 1048576K
}
Event: 29.199 GC heap after
{Heap after GC invocations=45 (full 0):
 garbage-first heap   total 286720K, used 165263K [0x00000006ca000000, 0x0000000800000000)
  region size 4096K, 2 young (8192K), 2 survivors (8192K)
 Metaspace       used 78717K, committed 79104K, reserved 1179648K
  class space    used 8411K, committed 8576K, reserved 1048576K
}
Event: 29.256 GC heap before
{Heap before GC invocations=45 (full 0):
 garbage-first heap   total 286720K, used 169359K [0x00000006ca000000, 0x0000000800000000)
  region size 4096K, 3 young (12288K), 2 survivors (8192K)
 Metaspace       used 79675K, committed 80064K, reserved 1179648K
  class space    used 8513K, committed 8704K, reserved 1048576K
}
Event: 29.260 GC heap after
{Heap after GC invocations=46 (full 0):
 garbage-first heap   total 286720K, used 165865K [0x00000006ca000000, 0x0000000800000000)
  region size 4096K, 1 young (4096K), 1 survivors (4096K)
 Metaspace       used 79675K, committed 80064K, reserved 1179648K
  class space    used 8513K, committed 8704K, reserved 1048576K
}
Event: 30.258 GC heap before
{Heap before GC invocations=46 (full 0):
 garbage-first heap   total 286720K, used 219113K [0x00000006ca000000, 0x0000000800000000)
  region size 4096K, 14 young (57344K), 1 survivors (4096K)
 Metaspace       used 86423K, committed 86784K, reserved 1179648K
  class space    used 9118K, committed 9280K, reserved 1048576K
}
Event: 30.263 GC heap after
{Heap after GC invocations=47 (full 0):
 garbage-first heap   total 286720K, used 166843K [0x00000006ca000000, 0x0000000800000000)
  region size 4096K, 1 young (4096K), 1 survivors (4096K)
 Metaspace       used 86423K, committed 86784K, reserved 1179648K
  class space    used 9118K, committed 9280K, reserved 1048576K
}
Event: 31.794 GC heap before
{Heap before GC invocations=48 (full 0):
 garbage-first heap   total 294912K, used 224187K [0x00000006ca000000, 0x0000000800000000)
  region size 4096K, 15 young (61440K), 1 survivors (4096K)
 Metaspace       used 89891K, committed 90304K, reserved 1179648K
  class space    used 9348K, committed 9536K, reserved 1048576K
}
Event: 31.800 GC heap after
{Heap after GC invocations=49 (full 0):
 garbage-first heap   total 294912K, used 170106K [0x00000006ca000000, 0x0000000800000000)
  region size 4096K, 2 young (8192K), 2 survivors (8192K)
 Metaspace       used 89891K, committed 90304K, reserved 1179648K
  class space    used 9348K, committed 9536K, reserved 1048576K
}
Event: 31.876 GC heap before
{Heap before GC invocations=49 (full 0):
 garbage-first heap   total 294912K, used 174202K [0x00000006ca000000, 0x0000000800000000)
  region size 4096K, 3 young (12288K), 2 survivors (8192K)
 Metaspace       used 89934K, committed 90368K, reserved 1179648K
  class space    used 9350K, committed 9536K, reserved 1048576K
}
Event: 31.892 GC heap after
{Heap after GC invocations=50 (full 0):
 garbage-first heap   total 294912K, used 153600K [0x00000006ca000000, 0x0000000800000000)
  region size 4096K, 1 young (4096K), 1 survivors (4096K)
 Metaspace       used 89934K, committed 90368K, reserved 1179648K
  class space    used 9350K, committed 9536K, reserved 1048576K
}
Event: 32.036 GC heap before
{Heap before GC invocations=50 (full 0):
 garbage-first heap   total 294912K, used 161792K [0x00000006ca000000, 0x0000000800000000)
  region size 4096K, 3 young (12288K), 1 survivors (4096K)
 Metaspace       used 90036K, committed 90432K, reserved 1179648K
  class space    used 9354K, committed 9536K, reserved 1048576K
}

