# JRE version: OpenJDK Runtime Environment (17.0.10) (build 17.0.10+0--11572160)
# Java VM: OpenJDK 64-Bit Server VM (17.0.10+0--11572160, mixed mode, tiered, compressed oops, compressed class ptrs, g1 gc, windows-amd64)
GC Precious Log:
 CPUs: 12 total, 12 available
 Memory: 19837M
 Large Page Support: Disabled
 NUMA Support: Disabled
 Compressed Oops: Enabled (Zero based)
 Heap Region Size: 4M
 Heap Min Capacity: 8M
 Heap Initial Capacity: 312M
 Heap Max Capacity: 4960M
 Pre-touch: Disabled
 Parallel Workers: 10
 Concurrent Workers: 3
 Concurrent Refinement Workers: 10
 Periodic GC: Disabled
Heap:
 garbage-first heap   total 192512K, used 72651K [0x00000006ca000000, 0x0000000800000000)
  region size 4096K, 12 young (49152K), 1 survivors (4096K)
 Metaspace       used 50335K, committed 50496K, reserved 1114112K
  class space    used 5936K, committed 6016K, reserved 1048576K
GC Heap History (20 events):
Event: 0.468 GC heap before
{Heap before GC invocations=0 (full 0):
 garbage-first heap   total 319488K, used 20480K [0x00000006ca000000, 0x0000000800000000)
  region size 4096K, 5 young (20480K), 0 survivors (0K)
 Metaspace       used 13154K, committed 13248K, reserved 1114112K
  class space    used 1277K, committed 1344K, reserved 1048576K
}
Event: 0.471 GC heap after
{Heap after GC invocations=1 (full 0):
 garbage-first heap   total 319488K, used 6745K [0x00000006ca000000, 0x0000000800000000)
  region size 4096K, 1 young (4096K), 1 survivors (4096K)
 Metaspace       used 13154K, committed 13248K, reserved 1114112K
  class space    used 1277K, committed 1344K, reserved 1048576K
}
Event: 0.771 GC heap before
{Heap before GC invocations=1 (full 0):
 garbage-first heap   total 319488K, used 31321K [0x00000006ca000000, 0x0000000800000000)
  region size 4096K, 7 young (28672K), 1 survivors (4096K)
 Metaspace       used 20464K, committed 20672K, reserved 1114112K
  class space    used 2186K, committed 2304K, reserved 1048576K
}
Event: 0.774 GC heap after
{Heap after GC invocations=2 (full 0):
 garbage-first heap   total 319488K, used 8625K [0x00000006ca000000, 0x0000000800000000)
  region size 4096K, 1 young (4096K), 1 survivors (4096K)
 Metaspace       used 20464K, committed 20672K, reserved 1114112K
  class space    used 2186K, committed 2304K, reserved 1048576K
}
Event: 0.823 GC heap before
{Heap before GC invocations=2 (full 0):
 garbage-first heap   total 319488K, used 8625K [0x00000006ca000000, 0x0000000800000000)
  region size 4096K, 2 young (8192K), 1 survivors (4096K)
 Metaspace       used 21344K, committed 21504K, reserved 1114112K
  class space    used 2338K, committed 2432K, reserved 1048576K
}
Event: 0.825 GC heap after
{Heap after GC invocations=3 (full 0):
 garbage-first heap   total 319488K, used 8729K [0x00000006ca000000, 0x0000000800000000)
  region size 4096K, 1 young (4096K), 1 survivors (4096K)
 Metaspace       used 21344K, committed 21504K, reserved 1114112K
  class space    used 2338K, committed 2432K, reserved 1048576K
}
Event: 1.158 GC heap before
{Heap before GC invocations=4 (full 0):
 garbage-first heap   total 57344K, used 33305K [0x00000006ca000000, 0x0000000800000000)
  region size 4096K, 8 young (32768K), 1 survivors (4096K)
 Metaspace       used 25597K, committed 25792K, reserved 1114112K
  class space    used 3138K, committed 3200K, reserved 1048576K
}
Event: 1.163 GC heap after
{Heap after GC invocations=5 (full 0):
 garbage-first heap   total 57344K, used 13735K [0x00000006ca000000, 0x0000000800000000)
  region size 4096K, 1 young (4096K), 1 survivors (4096K)
 Metaspace       used 25597K, committed 25792K, reserved 1114112K
  class space    used 3138K, committed 3200K, reserved 1048576K
}
Event: 1.180 GC heap before
{Heap before GC invocations=5 (full 0):
 garbage-first heap   total 57344K, used 13735K [0x00000006ca000000, 0x0000000800000000)
  region size 4096K, 2 young (8192K), 1 survivors (4096K)
 Metaspace       used 25616K, committed 25792K, reserved 1114112K
  class space    used 3138K, committed 3200K, reserved 1048576K
}
Event: 1.185 GC heap after
{Heap after GC invocations=6 (full 0):
 garbage-first heap   total 57344K, used 15964K [0x00000006ca000000, 0x0000000800000000)
  region size 4096K, 1 young (4096K), 1 survivors (4096K)
 Metaspace       used 25616K, committed 25792K, reserved 1114112K
  class space    used 3138K, committed 3200K, reserved 1048576K
}
Event: 1.361 GC heap before
{Heap before GC invocations=6 (full 0):
 garbage-first heap   total 57344K, used 32348K [0x00000006ca000000, 0x0000000800000000)
  region size 4096K, 5 young (20480K), 1 survivors (4096K)
 Metaspace       used 28201K, committed 28416K, reserved 1114112K
  class space    used 3644K, committed 3712K, reserved 1048576K
}
Event: 1.367 GC heap after
{Heap after GC invocations=7 (full 0):
 garbage-first heap   total 188416K, used 19118K [0x00000006ca000000, 0x0000000800000000)
  region size 4096K, 1 young (4096K), 1 survivors (4096K)
 Metaspace       used 28201K, committed 28416K, reserved 1114112K
  class space    used 3644K, committed 3712K, reserved 1048576K
}
Event: 1.902 GC heap before
{Heap before GC invocations=7 (full 0):
 garbage-first heap   total 188416K, used 55982K [0x00000006ca000000, 0x0000000800000000)
  region size 4096K, 11 young (45056K), 1 survivors (4096K)
 Metaspace       used 35916K, committed 36096K, reserved 1114112K
  class space    used 4389K, committed 4480K, reserved 1048576K
}
Event: 1.908 GC heap after
{Heap after GC invocations=8 (full 0):
 garbage-first heap   total 188416K, used 22149K [0x00000006ca000000, 0x0000000800000000)
  region size 4096K, 2 young (8192K), 2 survivors (8192K)
 Metaspace       used 35916K, committed 36096K, reserved 1114112K
  class space    used 4389K, committed 4480K, reserved 1048576K
}
Event: 3.085 GC heap before
{Heap before GC invocations=9 (full 0):
 garbage-first heap   total 98304K, used 67205K [0x00000006ca000000, 0x0000000800000000)
  region size 4096K, 14 young (57344K), 2 survivors (8192K)
 Metaspace       used 44673K, committed 44928K, reserved 1114112K
  class space    used 5390K, committed 5504K, reserved 1048576K
}
Event: 3.097 GC heap after
{Heap after GC invocations=10 (full 0):
 garbage-first heap   total 98304K, used 30115K [0x00000006ca000000, 0x0000000800000000)
  region size 4096K, 2 young (8192K), 2 survivors (8192K)
 Metaspace       used 44673K, committed 44928K, reserved 1114112K
  class space    used 5390K, committed 5504K, reserved 1048576K
}
Event: 3.126 GC heap before
{Heap before GC invocations=10 (full 0):
 garbage-first heap   total 98304K, used 34211K [0x00000006ca000000, 0x0000000800000000)
  region size 4096K, 3 young (12288K), 2 survivors (8192K)
 Metaspace       used 44690K, committed 44928K, reserved 1114112K
  class space    used 5390K, committed 5504K, reserved 1048576K
}
Event: 3.136 GC heap after
{Heap after GC invocations=11 (full 0):
 garbage-first heap   total 98304K, used 31863K [0x00000006ca000000, 0x0000000800000000)
  region size 4096K, 1 young (4096K), 1 survivors (4096K)
 Metaspace       used 44690K, committed 44928K, reserved 1114112K
  class space    used 5390K, committed 5504K, reserved 1048576K
}
Event: 3.275 GC heap before
{Heap before GC invocations=11 (full 0):
 garbage-first heap   total 98304K, used 60535K [0x00000006ca000000, 0x0000000800000000)
  region size 4096K, 8 young (32768K), 1 survivors (4096K)
 Metaspace       used 44968K, committed 45184K, reserved 1114112K
  class space    used 5410K, committed 5504K, reserved 1048576K
}
Event: 3.279 GC heap after
{Heap after GC invocations=12 (full 0):
 garbage-first heap   total 192512K, used 31691K [0x00000006ca000000, 0x0000000800000000)
  region size 4096K, 1 young (4096K), 1 survivors (4096K)
 Metaspace       used 44968K, committed 45184K, reserved 1114112K
  class space    used 5410K, committed 5504K, reserved 1048576K
}

