# JRE version: OpenJDK Runtime Environment (17.0.10) (build 17.0.10+0--11572160)
# Java VM: OpenJDK 64-Bit Server VM (17.0.10+0--11572160, mixed mode, tiered, compressed oops, compressed class ptrs, g1 gc, windows-amd64)
GC Precious Log:
 CPUs: 12 total, 12 available
 Memory: 19837M
 Large Page Support: Disabled
 NUMA Support: Disabled
 Compressed Oops: Enabled (Zero based)
 Heap Region Size: 4M
 Heap Min Capacity: 8M
 Heap Initial Capacity: 312M
 Heap Max Capacity: 4960M
 Pre-touch: Disabled
 Parallel Workers: 10
 Concurrent Workers: 3
 Concurrent Refinement Workers: 10
 Periodic GC: Disabled
Heap:
 garbage-first heap   total 192512K, used 119809K [0x00000006ca000000, 0x0000000800000000)
  region size 4096K, 1 young (4096K), 1 survivors (4096K)
 Metaspace       used 74583K, committed 74880K, reserved 1179648K
  class space    used 8129K, committed 8256K, reserved 1048576K
GC Heap History (20 events):
Event: 9.445 GC heap after
{Heap after GC invocations=22 (full 0):
 garbage-first heap   total 163840K, used 79179K [0x00000006ca000000, 0x0000000800000000)
  region size 4096K, 2 young (8192K), 2 survivors (8192K)
 Metaspace       used 61761K, committed 62080K, reserved 1114112K
  class space    used 6925K, committed 7104K, reserved 1048576K
}
Event: 10.156 GC heap before
{Heap before GC invocations=22 (full 0):
 garbage-first heap   total 163840K, used 120139K [0x00000006ca000000, 0x0000000800000000)
  region size 4096K, 12 young (49152K), 2 survivors (8192K)
 Metaspace       used 62159K, committed 62400K, reserved 1114112K
  class space    used 6957K, committed 7104K, reserved 1048576K
}
Event: 10.167 GC heap after
{Heap after GC invocations=23 (full 0):
 garbage-first heap   total 163840K, used 84118K [0x00000006ca000000, 0x0000000800000000)
  region size 4096K, 2 young (8192K), 2 survivors (8192K)
 Metaspace       used 62159K, committed 62400K, reserved 1114112K
  class space    used 6957K, committed 7104K, reserved 1048576K
}
Event: 11.052 GC heap before
{Heap before GC invocations=24 (full 0):
 garbage-first heap   total 163840K, used 125078K [0x00000006ca000000, 0x0000000800000000)
  region size 4096K, 12 young (49152K), 2 survivors (8192K)
 Metaspace       used 62481K, committed 62784K, reserved 1114112K
  class space    used 6961K, committed 7104K, reserved 1048576K
}
Event: 11.060 GC heap after
{Heap after GC invocations=25 (full 0):
 garbage-first heap   total 163840K, used 87065K [0x00000006ca000000, 0x0000000800000000)
  region size 4096K, 1 young (4096K), 1 survivors (4096K)
 Metaspace       used 62481K, committed 62784K, reserved 1114112K
  class space    used 6961K, committed 7104K, reserved 1048576K
}
Event: 12.028 GC heap before
{Heap before GC invocations=25 (full 0):
 garbage-first heap   total 163840K, used 128025K [0x00000006ca000000, 0x0000000800000000)
  region size 4096K, 11 young (45056K), 1 survivors (4096K)
 Metaspace       used 63522K, committed 63872K, reserved 1114112K
  class space    used 7059K, committed 7232K, reserved 1048576K
}
Event: 12.037 GC heap after
{Heap after GC invocations=26 (full 0):
 garbage-first heap   total 163840K, used 92840K [0x00000006ca000000, 0x0000000800000000)
  region size 4096K, 2 young (8192K), 2 survivors (8192K)
 Metaspace       used 63522K, committed 63872K, reserved 1114112K
  class space    used 7059K, committed 7232K, reserved 1048576K
}
Event: 12.400 GC heap before
{Heap before GC invocations=27 (full 0):
 garbage-first heap   total 180224K, used 125608K [0x00000006ca000000, 0x0000000800000000)
  region size 4096K, 10 young (40960K), 2 survivors (8192K)
 Metaspace       used 64218K, committed 64576K, reserved 1114112K
  class space    used 7119K, committed 7296K, reserved 1048576K
}
Event: 12.406 GC heap after
{Heap after GC invocations=28 (full 0):
 garbage-first heap   total 180224K, used 92952K [0x00000006ca000000, 0x0000000800000000)
  region size 4096K, 1 young (4096K), 1 survivors (4096K)
 Metaspace       used 64218K, committed 64576K, reserved 1114112K
  class space    used 7119K, committed 7296K, reserved 1048576K
}
Event: 13.184 GC heap before
{Heap before GC invocations=28 (full 0):
 garbage-first heap   total 180224K, used 138008K [0x00000006ca000000, 0x0000000800000000)
  region size 4096K, 12 young (49152K), 1 survivors (4096K)
 Metaspace       used 70674K, committed 70912K, reserved 1114112K
  class space    used 7755K, committed 7872K, reserved 1048576K
}
Event: 13.189 GC heap after
{Heap after GC invocations=29 (full 0):
 garbage-first heap   total 180224K, used 95418K [0x00000006ca000000, 0x0000000800000000)
  region size 4096K, 1 young (4096K), 1 survivors (4096K)
 Metaspace       used 70674K, committed 70912K, reserved 1114112K
  class space    used 7755K, committed 7872K, reserved 1048576K
}
Event: 14.008 GC heap before
{Heap before GC invocations=30 (full 0):
 garbage-first heap   total 180224K, used 140474K [0x00000006ca000000, 0x0000000800000000)
  region size 4096K, 12 young (49152K), 1 survivors (4096K)
 Metaspace       used 72415K, committed 72768K, reserved 1114112K
  class space    used 7910K, committed 8064K, reserved 1048576K
}
Event: 14.018 GC heap after
{Heap after GC invocations=31 (full 0):
 garbage-first heap   total 180224K, used 102981K [0x00000006ca000000, 0x0000000800000000)
  region size 4096K, 2 young (8192K), 2 survivors (8192K)
 Metaspace       used 72415K, committed 72768K, reserved 1114112K
  class space    used 7910K, committed 8064K, reserved 1048576K
}
Event: 14.118 GC heap before
{Heap before GC invocations=31 (full 0):
 garbage-first heap   total 180224K, used 107077K [0x00000006ca000000, 0x0000000800000000)
  region size 4096K, 3 young (12288K), 2 survivors (8192K)
 Metaspace       used 72732K, committed 73088K, reserved 1114112K
  class space    used 7954K, committed 8128K, reserved 1048576K
}
Event: 14.127 GC heap after
{Heap after GC invocations=32 (full 0):
 garbage-first heap   total 180224K, used 104214K [0x00000006ca000000, 0x0000000800000000)
  region size 4096K, 1 young (4096K), 1 survivors (4096K)
 Metaspace       used 72732K, committed 73088K, reserved 1114112K
  class space    used 7954K, committed 8128K, reserved 1048576K
}
Event: 14.518 GC heap before
{Heap before GC invocations=32 (full 0):
 garbage-first heap   total 180224K, used 136982K [0x00000006ca000000, 0x0000000800000000)
  region size 4096K, 9 young (36864K), 1 survivors (4096K)
 Metaspace       used 73987K, committed 74304K, reserved 1179648K
  class space    used 8101K, committed 8256K, reserved 1048576K
}
Event: 14.523 GC heap after
{Heap after GC invocations=33 (full 0):
 garbage-first heap   total 180224K, used 106873K [0x00000006ca000000, 0x0000000800000000)
  region size 4096K, 1 young (4096K), 1 survivors (4096K)
 Metaspace       used 73987K, committed 74304K, reserved 1179648K
  class space    used 8101K, committed 8256K, reserved 1048576K
}
Event: 14.945 GC heap before
{Heap before GC invocations=34 (full 0):
 garbage-first heap   total 192512K, used 139641K [0x00000006ca000000, 0x0000000800000000)
  region size 4096K, 9 young (36864K), 1 survivors (4096K)
 Metaspace       used 74540K, committed 74816K, reserved 1179648K
  class space    used 8129K, committed 8256K, reserved 1048576K
}
Event: 14.957 GC heap after
{Heap after GC invocations=35 (full 0):
 garbage-first heap   total 192512K, used 118697K [0x00000006ca000000, 0x0000000800000000)
  region size 4096K, 2 young (8192K), 2 survivors (8192K)
 Metaspace       used 74540K, committed 74816K, reserved 1179648K
  class space    used 8129K, committed 8256K, reserved 1048576K
}
Event: 15.015 GC heap before
{Heap before GC invocations=35 (full 0):
 garbage-first heap   total 192512K, used 122793K [0x00000006ca000000, 0x0000000800000000)
  region size 4096K, 3 young (12288K), 2 survivors (8192K)
 Metaspace       used 74583K, committed 74880K, reserved 1179648K
  class space    used 8129K, committed 8256K, reserved 1048576K
}

