# JRE version: OpenJDK Runtime Environment (17.0.10) (build 17.0.10+0--11572160)
# Java VM: OpenJDK 64-Bit Server VM (17.0.10+0--11572160, mixed mode, tiered, compressed oops, compressed class ptrs, g1 gc, windows-amd64)
GC Precious Log:
 CPUs: 12 total, 12 available
 Memory: 19837M
 Large Page Support: Disabled
 NUMA Support: Disabled
 Compressed Oops: Enabled (Zero based)
 Heap Region Size: 4M
 Heap Min Capacity: 8M
 Heap Initial Capacity: 312M
 Heap Max Capacity: 4960M
 Pre-touch: Disabled
 Parallel Workers: 10
 Concurrent Workers: 3
 Concurrent Refinement Workers: 10
 Periodic GC: Disabled
Heap:
 garbage-first heap   total 319488K, used 164462K [0x00000006ca000000, 0x0000000800000000)
  region size 4096K, 2 young (8192K), 2 survivors (8192K)
 Metaspace       used 95899K, committed 96256K, reserved 1179648K
  class space    used 9756K, committed 9920K, reserved 1048576K
GC Heap History (20 events):
Event: 25.961 GC heap after
{Heap after GC invocations=26 (full 0):
 garbage-first heap   total 245760K, used 133059K [0x00000006ca000000, 0x0000000800000000)
  region size 4096K, 3 young (12288K), 3 survivors (12288K)
 Metaspace       used 74539K, committed 74880K, reserved 1179648K
  class space    used 8046K, committed 8192K, reserved 1048576K
}
Event: 26.809 GC heap before
{Heap before GC invocations=27 (full 0):
 garbage-first heap   total 253952K, used 194499K [0x00000006ca000000, 0x0000000800000000)
  region size 4096K, 18 young (73728K), 3 survivors (12288K)
 Metaspace       used 75916K, committed 76224K, reserved 1179648K
  class space    used 8160K, committed 8320K, reserved 1048576K
}
Event: 26.825 GC heap after
{Heap after GC invocations=28 (full 0):
 garbage-first heap   total 253952K, used 146244K [0x00000006ca000000, 0x0000000800000000)
  region size 4096K, 3 young (12288K), 3 survivors (12288K)
 Metaspace       used 75916K, committed 76224K, reserved 1179648K
  class space    used 8160K, committed 8320K, reserved 1048576K
}
Event: 27.423 GC heap before
{Heap before GC invocations=28 (full 0):
 garbage-first heap   total 253952K, used 199492K [0x00000006ca000000, 0x0000000800000000)
  region size 4096K, 16 young (65536K), 3 survivors (12288K)
 Metaspace       used 76974K, committed 77376K, reserved 1179648K
  class space    used 8242K, committed 8448K, reserved 1048576K
}
Event: 27.439 GC heap after
{Heap after GC invocations=29 (full 0):
 garbage-first heap   total 253952K, used 161976K [0x00000006ca000000, 0x0000000800000000)
  region size 4096K, 2 young (8192K), 2 survivors (8192K)
 Metaspace       used 76974K, committed 77376K, reserved 1179648K
  class space    used 8242K, committed 8448K, reserved 1048576K
}
Event: 28.052 GC heap before
{Heap before GC invocations=30 (full 0):
 garbage-first heap   total 294912K, used 198840K [0x00000006ca000000, 0x0000000800000000)
  region size 4096K, 11 young (45056K), 2 survivors (8192K)
 Metaspace       used 79821K, committed 80192K, reserved 1179648K
  class space    used 8536K, committed 8704K, reserved 1048576K
}
Event: 28.061 GC heap after
{Heap after GC invocations=31 (full 0):
 garbage-first heap   total 294912K, used 166991K [0x00000006ca000000, 0x0000000800000000)
  region size 4096K, 1 young (4096K), 1 survivors (4096K)
 Metaspace       used 79821K, committed 80192K, reserved 1179648K
  class space    used 8536K, committed 8704K, reserved 1048576K
}
Event: 29.122 GC heap before
{Heap before GC invocations=31 (full 0):
 garbage-first heap   total 294912K, used 224335K [0x00000006ca000000, 0x0000000800000000)
  region size 4096K, 15 young (61440K), 1 survivors (4096K)
 Metaspace       used 87574K, committed 87936K, reserved 1179648K
  class space    used 9240K, committed 9408K, reserved 1048576K
}
Event: 29.129 GC heap after
{Heap after GC invocations=32 (full 0):
 garbage-first heap   total 294912K, used 168841K [0x00000006ca000000, 0x0000000800000000)
  region size 4096K, 2 young (8192K), 2 survivors (8192K)
 Metaspace       used 87574K, committed 87936K, reserved 1179648K
  class space    used 9240K, committed 9408K, reserved 1048576K
}
Event: 30.593 GC heap before
{Heap before GC invocations=33 (full 0):
 garbage-first heap   total 294912K, used 230281K [0x00000006ca000000, 0x0000000800000000)
  region size 4096K, 17 young (69632K), 2 survivors (8192K)
 Metaspace       used 89917K, committed 90240K, reserved 1179648K
  class space    used 9357K, committed 9536K, reserved 1048576K
}
Event: 30.600 GC heap after
{Heap after GC invocations=34 (full 0):
 garbage-first heap   total 294912K, used 171968K [0x00000006ca000000, 0x0000000800000000)
  region size 4096K, 3 young (12288K), 3 survivors (12288K)
 Metaspace       used 89917K, committed 90240K, reserved 1179648K
  class space    used 9357K, committed 9536K, reserved 1048576K
}
Event: 30.629 GC heap before
{Heap before GC invocations=34 (full 0):
 garbage-first heap   total 294912K, used 176064K [0x00000006ca000000, 0x0000000800000000)
  region size 4096K, 4 young (16384K), 3 survivors (12288K)
 Metaspace       used 89928K, committed 90304K, reserved 1179648K
  class space    used 9357K, committed 9536K, reserved 1048576K
}
Event: 30.643 GC heap after
{Heap after GC invocations=35 (full 0):
 garbage-first heap   total 294912K, used 153274K [0x00000006ca000000, 0x0000000800000000)
  region size 4096K, 1 young (4096K), 1 survivors (4096K)
 Metaspace       used 89928K, committed 90304K, reserved 1179648K
  class space    used 9357K, committed 9536K, reserved 1048576K
}
Event: 31.292 GC heap before
{Heap before GC invocations=35 (full 0):
 garbage-first heap   total 294912K, used 227002K [0x00000006ca000000, 0x0000000800000000)
  region size 4096K, 19 young (77824K), 1 survivors (4096K)
 Metaspace       used 90229K, committed 90624K, reserved 1179648K
  class space    used 9360K, committed 9536K, reserved 1048576K
}
Event: 31.298 GC heap after
{Heap after GC invocations=36 (full 0):
 garbage-first heap   total 294912K, used 157413K [0x00000006ca000000, 0x0000000800000000)
  region size 4096K, 2 young (8192K), 2 survivors (8192K)
 Metaspace       used 90229K, committed 90624K, reserved 1179648K
  class space    used 9360K, committed 9536K, reserved 1048576K
}
Event: 32.524 GC heap before
{Heap before GC invocations=37 (full 0):
 garbage-first heap   total 294912K, used 227045K [0x00000006ca000000, 0x0000000800000000)
  region size 4096K, 19 young (77824K), 2 survivors (8192K)
 Metaspace       used 95012K, committed 95424K, reserved 1179648K
  class space    used 9723K, committed 9920K, reserved 1048576K
}
Event: 32.532 GC heap after
{Heap after GC invocations=38 (full 0):
 garbage-first heap   total 294912K, used 160889K [0x00000006ca000000, 0x0000000800000000)
  region size 4096K, 3 young (12288K), 3 survivors (12288K)
 Metaspace       used 95012K, committed 95424K, reserved 1179648K
  class space    used 9723K, committed 9920K, reserved 1048576K
}
Event: 32.636 GC heap before
{Heap before GC invocations=38 (full 0):
 garbage-first heap   total 294912K, used 160889K [0x00000006ca000000, 0x0000000800000000)
  region size 4096K, 4 young (16384K), 3 survivors (12288K)
 Metaspace       used 95272K, committed 95680K, reserved 1179648K
  class space    used 9732K, committed 9920K, reserved 1048576K
}
Event: 32.646 GC heap after
{Heap after GC invocations=39 (full 0):
 garbage-first heap   total 294912K, used 159151K [0x00000006ca000000, 0x0000000800000000)
  region size 4096K, 1 young (4096K), 1 survivors (4096K)
 Metaspace       used 95272K, committed 95680K, reserved 1179648K
  class space    used 9732K, committed 9920K, reserved 1048576K
}
Event: 33.287 GC heap before
{Heap before GC invocations=39 (full 0):
 garbage-first heap   total 294912K, used 232879K [0x00000006ca000000, 0x0000000800000000)
  region size 4096K, 19 young (77824K), 1 survivors (4096K)
 Metaspace       used 95899K, committed 96256K, reserved 1179648K
  class space    used 9756K, committed 9920K, reserved 1048576K
}

