# JRE version: OpenJDK Runtime Environment (17.0.10) (build 17.0.10+0--11572160)
# Java VM: OpenJDK 64-Bit Server VM (17.0.10+0--11572160, mixed mode, tiered, compressed oops, compressed class ptrs, g1 gc, windows-amd64)
GC Precious Log:
 CPUs: 12 total, 12 available
 Memory: 19837M
 Large Page Support: Disabled
 NUMA Support: Disabled
 Compressed Oops: Enabled (Zero based)
 Heap Region Size: 2M
 Heap Min Capacity: 8M
 Heap Initial Capacity: 310M
 Heap Max Capacity: 4G
 Pre-touch: Disabled
 Parallel Workers: 10
 Concurrent Workers: 3
 Concurrent Refinement Workers: 10
 Periodic GC: Disabled
Heap:
 garbage-first heap   total 501760K, used 207408K [0x0000000700000000, 0x0000000800000000)
  region size 2048K, 9 young (18432K), 9 survivors (18432K)
 Metaspace       used 153377K, committed 154816K, reserved 1245184K
  class space    used 21092K, committed 21760K, reserved 1048576K
GC Heap History (20 events):
Event: 232.496 GC heap after
{Heap after GC invocations=85 (full 0):
 garbage-first heap   total 501760K, used 213319K [0x0000000700000000, 0x0000000800000000)
  region size 2048K, 2 young (4096K), 2 survivors (4096K)
 Metaspace       used 151131K, committed 152448K, reserved 1245184K
  class space    used 20953K, committed 21568K, reserved 1048576K
}
Event: 232.885 GC heap before
{Heap before GC invocations=85 (full 0):
 garbage-first heap   total 501760K, used 295239K [0x0000000700000000, 0x0000000800000000)
  region size 2048K, 44 young (90112K), 2 survivors (4096K)
 Metaspace       used 151292K, committed 152576K, reserved 1245184K
  class space    used 20959K, committed 21568K, reserved 1048576K
}
Event: 232.888 GC heap after
{Heap after GC invocations=86 (full 0):
 garbage-first heap   total 501760K, used 211637K [0x0000000700000000, 0x0000000800000000)
  region size 2048K, 1 young (2048K), 1 survivors (2048K)
 Metaspace       used 151292K, committed 152576K, reserved 1245184K
  class space    used 20959K, committed 21568K, reserved 1048576K
}
Event: 249.411 GC heap before
{Heap before GC invocations=87 (full 0):
 garbage-first heap   total 501760K, used 463541K [0x0000000700000000, 0x0000000800000000)
  region size 2048K, 100 young (204800K), 1 survivors (2048K)
 Metaspace       used 152177K, committed 153600K, reserved 1245184K
  class space    used 21067K, committed 21760K, reserved 1048576K
}
Event: 249.424 GC heap after
{Heap after GC invocations=88 (full 0):
 garbage-first heap   total 501760K, used 227292K [0x0000000700000000, 0x0000000800000000)
  region size 2048K, 10 young (20480K), 10 survivors (20480K)
 Metaspace       used 152177K, committed 153600K, reserved 1245184K
  class space    used 21067K, committed 21760K, reserved 1048576K
}
Event: 249.436 GC heap before
{Heap before GC invocations=88 (full 0):
 garbage-first heap   total 501760K, used 231388K [0x0000000700000000, 0x0000000800000000)
  region size 2048K, 12 young (24576K), 10 survivors (20480K)
 Metaspace       used 152177K, committed 153600K, reserved 1245184K
  class space    used 21067K, committed 21760K, reserved 1048576K
}
Event: 249.445 GC heap after
{Heap after GC invocations=89 (full 0):
 garbage-first heap   total 501760K, used 214318K [0x0000000700000000, 0x0000000800000000)
  region size 2048K, 1 young (2048K), 1 survivors (2048K)
 Metaspace       used 152177K, committed 153600K, reserved 1245184K
  class space    used 21067K, committed 21760K, reserved 1048576K
}
Event: 257.890 GC heap before
{Heap before GC invocations=89 (full 0):
 garbage-first heap   total 501760K, used 331054K [0x0000000700000000, 0x0000000800000000)
  region size 2048K, 60 young (122880K), 1 survivors (2048K)
 Metaspace       used 152247K, committed 153728K, reserved 1245184K
  class space    used 21068K, committed 21760K, reserved 1048576K
}
Event: 257.894 GC heap after
{Heap after GC invocations=90 (full 0):
 garbage-first heap   total 501760K, used 220751K [0x0000000700000000, 0x0000000800000000)
  region size 2048K, 5 young (10240K), 5 survivors (10240K)
 Metaspace       used 152247K, committed 153728K, reserved 1245184K
  class space    used 21068K, committed 21760K, reserved 1048576K
}
Event: 280.979 GC heap before
{Heap before GC invocations=91 (full 0):
 garbage-first heap   total 501760K, used 456271K [0x0000000700000000, 0x0000000800000000)
  region size 2048K, 97 young (198656K), 5 survivors (10240K)
 Metaspace       used 152694K, committed 154112K, reserved 1245184K
  class space    used 21080K, committed 21760K, reserved 1048576K
}
Event: 280.986 GC heap after
{Heap after GC invocations=92 (full 0):
 garbage-first heap   total 501760K, used 219958K [0x0000000700000000, 0x0000000800000000)
  region size 2048K, 5 young (10240K), 5 survivors (10240K)
 Metaspace       used 152694K, committed 154112K, reserved 1245184K
  class space    used 21080K, committed 21760K, reserved 1048576K
}
Event: 281.197 GC heap before
{Heap before GC invocations=92 (full 0):
 garbage-first heap   total 501760K, used 234294K [0x0000000700000000, 0x0000000800000000)
  region size 2048K, 12 young (24576K), 5 survivors (10240K)
 Metaspace       used 152820K, committed 154240K, reserved 1245184K
  class space    used 21087K, committed 21760K, reserved 1048576K
}
Event: 281.208 GC heap after
{Heap after GC invocations=93 (full 0):
 garbage-first heap   total 501760K, used 195304K [0x0000000700000000, 0x0000000800000000)
  region size 2048K, 2 young (4096K), 2 survivors (4096K)
 Metaspace       used 152820K, committed 154240K, reserved 1245184K
  class space    used 21087K, committed 21760K, reserved 1048576K
}
Event: 284.319 GC heap before
{Heap before GC invocations=93 (full 0):
 garbage-first heap   total 501760K, used 408296K [0x0000000700000000, 0x0000000800000000)
  region size 2048K, 107 young (219136K), 2 survivors (4096K)
 Metaspace       used 152920K, committed 154368K, reserved 1245184K
  class space    used 21088K, committed 21760K, reserved 1048576K
}
Event: 284.330 GC heap after
{Heap after GC invocations=94 (full 0):
 garbage-first heap   total 501760K, used 207718K [0x0000000700000000, 0x0000000800000000)
  region size 2048K, 8 young (16384K), 8 survivors (16384K)
 Metaspace       used 152920K, committed 154368K, reserved 1245184K
  class space    used 21088K, committed 21760K, reserved 1048576K
}
Event: 365.984 GC heap before
{Heap before GC invocations=95 (full 0):
 garbage-first heap   total 501760K, used 457574K [0x0000000700000000, 0x0000000800000000)
  region size 2048K, 106 young (217088K), 8 survivors (16384K)
 Metaspace       used 153165K, committed 154624K, reserved 1245184K
  class space    used 21089K, committed 21760K, reserved 1048576K
}
Event: 365.995 GC heap after
{Heap after GC invocations=96 (full 0):
 garbage-first heap   total 501760K, used 211266K [0x0000000700000000, 0x0000000800000000)
  region size 2048K, 9 young (18432K), 9 survivors (18432K)
 Metaspace       used 153165K, committed 154624K, reserved 1245184K
  class space    used 21089K, committed 21760K, reserved 1048576K
}
Event: 366.079 GC heap before
{Heap before GC invocations=96 (full 0):
 garbage-first heap   total 501760K, used 215362K [0x0000000700000000, 0x0000000800000000)
  region size 2048K, 12 young (24576K), 9 survivors (18432K)
 Metaspace       used 153184K, committed 154624K, reserved 1245184K
  class space    used 21089K, committed 21760K, reserved 1048576K
}
Event: 366.090 GC heap after
{Heap after GC invocations=97 (full 0):
 garbage-first heap   total 501760K, used 193374K [0x0000000700000000, 0x0000000800000000)
  region size 2048K, 2 young (4096K), 2 survivors (4096K)
 Metaspace       used 153184K, committed 154624K, reserved 1245184K
  class space    used 21089K, committed 21760K, reserved 1048576K
}
Event: 368.920 GC heap before
{Heap before GC invocations=97 (full 0):
 garbage-first heap   total 501760K, used 410462K [0x0000000700000000, 0x0000000800000000)
  region size 2048K, 108 young (221184K), 2 survivors (4096K)
 Metaspace       used 153377K, committed 154816K, reserved 1245184K
  class space    used 21092K, committed 21760K, reserved 1048576K
}

