# JRE version: OpenJDK Runtime Environment (17.0.10) (build 17.0.10+0--11572160)
# Java VM: OpenJDK 64-Bit Server VM (17.0.10+0--11572160, mixed mode, tiered, compressed oops, compressed class ptrs, g1 gc, windows-amd64)
GC Precious Log:
 CPUs: 12 total, 12 available
 Memory: 19837M
 Large Page Support: Disabled
 NUMA Support: Disabled
 Compressed Oops: Enabled (Zero based)
 Heap Region Size: 2M
 Heap Min Capacity: 8M
 Heap Initial Capacity: 310M
 Heap Max Capacity: 4G
 Pre-touch: Disabled
 Parallel Workers: 10
 Concurrent Workers: 3
 Concurrent Refinement Workers: 10
 Periodic GC: Disabled
Heap:
 garbage-first heap   total 550912K, used 183617K [0x0000000700000000, 0x0000000800000000)
  region size 2048K, 1 young (2048K), 1 survivors (2048K)
 Metaspace       used 169627K, committed 171968K, reserved 1245184K
  class space    used 22371K, committed 23488K, reserved 1048576K
GC Heap History (20 events):
Event: 5124.611 GC heap after
{Heap after GC invocations=80 (full 1):
 garbage-first heap   total 550912K, used 186423K [0x0000000700000000, 0x0000000800000000)
  region size 2048K, 2 young (4096K), 2 survivors (4096K)
 Metaspace       used 169027K, committed 171392K, reserved 1245184K
  class space    used 22361K, committed 23488K, reserved 1048576K
}
Event: 5124.973 GC heap before
{Heap before GC invocations=80 (full 1):
 garbage-first heap   total 550912K, used 229431K [0x0000000700000000, 0x0000000800000000)
  region size 2048K, 25 young (51200K), 2 survivors (4096K)
 Metaspace       used 169123K, committed 171520K, reserved 1245184K
  class space    used 22368K, committed 23488K, reserved 1048576K
}
Event: 5124.976 GC heap after
{Heap after GC invocations=81 (full 1):
 garbage-first heap   total 550912K, used 185188K [0x0000000700000000, 0x0000000800000000)
  region size 2048K, 1 young (2048K), 1 survivors (2048K)
 Metaspace       used 169123K, committed 171520K, reserved 1245184K
  class space    used 22368K, committed 23488K, reserved 1048576K
}
Event: 5155.880 GC heap before
{Heap before GC invocations=82 (full 1):
 garbage-first heap   total 550912K, used 490340K [0x0000000700000000, 0x0000000800000000)
  region size 2048K, 131 young (268288K), 1 survivors (2048K)
 Metaspace       used 169290K, committed 171648K, reserved 1245184K
  class space    used 22370K, committed 23488K, reserved 1048576K
}
Event: 5155.894 GC heap after
{Heap after GC invocations=83 (full 1):
 garbage-first heap   total 550912K, used 195399K [0x0000000700000000, 0x0000000800000000)
  region size 2048K, 10 young (20480K), 10 survivors (20480K)
 Metaspace       used 169290K, committed 171648K, reserved 1245184K
  class space    used 22370K, committed 23488K, reserved 1048576K
}
Event: 5155.903 GC heap before
{Heap before GC invocations=83 (full 1):
 garbage-first heap   total 550912K, used 201543K [0x0000000700000000, 0x0000000800000000)
  region size 2048K, 13 young (26624K), 10 survivors (20480K)
 Metaspace       used 169290K, committed 171648K, reserved 1245184K
  class space    used 22370K, committed 23488K, reserved 1048576K
}
Event: 5155.911 GC heap after
{Heap after GC invocations=84 (full 1):
 garbage-first heap   total 550912K, used 187106K [0x0000000700000000, 0x0000000800000000)
  region size 2048K, 1 young (2048K), 1 survivors (2048K)
 Metaspace       used 169290K, committed 171648K, reserved 1245184K
  class space    used 22370K, committed 23488K, reserved 1048576K
}
Event: 5156.000 GC heap before
{Heap before GC invocations=84 (full 1):
 garbage-first heap   total 550912K, used 207586K [0x0000000700000000, 0x0000000800000000)
  region size 2048K, 13 young (26624K), 1 survivors (2048K)
 Metaspace       used 169294K, committed 171648K, reserved 1245184K
  class space    used 22370K, committed 23488K, reserved 1048576K
}
Event: 5156.004 GC heap after
{Heap after GC invocations=85 (full 1):
 garbage-first heap   total 550912K, used 188625K [0x0000000700000000, 0x0000000800000000)
  region size 2048K, 2 young (4096K), 2 survivors (4096K)
 Metaspace       used 169294K, committed 171648K, reserved 1245184K
  class space    used 22370K, committed 23488K, reserved 1048576K
}
Event: 5327.715 GC heap before
{Heap before GC invocations=86 (full 1):
 garbage-first heap   total 550912K, used 450769K [0x0000000700000000, 0x0000000800000000)
  region size 2048K, 111 young (227328K), 2 survivors (4096K)
 Metaspace       used 169358K, committed 171712K, reserved 1245184K
  class space    used 22370K, committed 23488K, reserved 1048576K
}
Event: 5327.725 GC heap after
{Heap after GC invocations=87 (full 1):
 garbage-first heap   total 550912K, used 195868K [0x0000000700000000, 0x0000000800000000)
  region size 2048K, 10 young (20480K), 10 survivors (20480K)
 Metaspace       used 169358K, committed 171712K, reserved 1245184K
  class space    used 22370K, committed 23488K, reserved 1048576K
}
Event: 5327.741 GC heap before
{Heap before GC invocations=87 (full 1):
 garbage-first heap   total 550912K, used 202012K [0x0000000700000000, 0x0000000800000000)
  region size 2048K, 13 young (26624K), 10 survivors (20480K)
 Metaspace       used 169360K, committed 171712K, reserved 1245184K
  class space    used 22370K, committed 23488K, reserved 1048576K
}
Event: 5327.748 GC heap after
{Heap after GC invocations=88 (full 1):
 garbage-first heap   total 550912K, used 186787K [0x0000000700000000, 0x0000000800000000)
  region size 2048K, 2 young (4096K), 2 survivors (4096K)
 Metaspace       used 169360K, committed 171712K, reserved 1245184K
  class space    used 22370K, committed 23488K, reserved 1048576K
}
Event: 5328.165 GC heap before
{Heap before GC invocations=88 (full 1):
 garbage-first heap   total 550912K, used 252323K [0x0000000700000000, 0x0000000800000000)
  region size 2048K, 36 young (73728K), 2 survivors (4096K)
 Metaspace       used 169432K, committed 171776K, reserved 1245184K
  class space    used 22370K, committed 23488K, reserved 1048576K
}
Event: 5328.168 GC heap after
{Heap after GC invocations=89 (full 1):
 garbage-first heap   total 550912K, used 185294K [0x0000000700000000, 0x0000000800000000)
  region size 2048K, 1 young (2048K), 1 survivors (2048K)
 Metaspace       used 169432K, committed 171776K, reserved 1245184K
  class space    used 22370K, committed 23488K, reserved 1048576K
}
Event: 5367.891 GC heap before
{Heap before GC invocations=90 (full 1):
 garbage-first heap   total 550912K, used 465870K [0x0000000700000000, 0x0000000800000000)
  region size 2048K, 119 young (243712K), 1 survivors (2048K)
 Metaspace       used 169555K, committed 171840K, reserved 1245184K
  class space    used 22371K, committed 23488K, reserved 1048576K
}
Event: 5367.903 GC heap after
{Heap after GC invocations=91 (full 1):
 garbage-first heap   total 550912K, used 194385K [0x0000000700000000, 0x0000000800000000)
  region size 2048K, 10 young (20480K), 10 survivors (20480K)
 Metaspace       used 169555K, committed 171840K, reserved 1245184K
  class space    used 22371K, committed 23488K, reserved 1048576K
}
Event: 5367.908 GC heap before
{Heap before GC invocations=91 (full 1):
 garbage-first heap   total 550912K, used 200529K [0x0000000700000000, 0x0000000800000000)
  region size 2048K, 13 young (26624K), 10 survivors (20480K)
 Metaspace       used 169557K, committed 171840K, reserved 1245184K
  class space    used 22371K, committed 23488K, reserved 1048576K
}
Event: 5367.916 GC heap after
{Heap after GC invocations=92 (full 1):
 garbage-first heap   total 550912K, used 184482K [0x0000000700000000, 0x0000000800000000)
  region size 2048K, 1 young (2048K), 1 survivors (2048K)
 Metaspace       used 169557K, committed 171840K, reserved 1245184K
  class space    used 22371K, committed 23488K, reserved 1048576K
}
Event: 5368.157 GC heap before
{Heap before GC invocations=92 (full 1):
 garbage-first heap   total 550912K, used 229538K [0x0000000700000000, 0x0000000800000000)
  region size 2048K, 25 young (51200K), 1 survivors (2048K)
 Metaspace       used 169627K, committed 171968K, reserved 1245184K
  class space    used 22371K, committed 23488K, reserved 1048576K
}

