# JRE version: OpenJDK Runtime Environment (17.0.10) (build 17.0.10+0--11572160)
# Java VM: OpenJDK 64-Bit Server VM (17.0.10+0--11572160, mixed mode, tiered, compressed oops, compressed class ptrs, g1 gc, windows-amd64)
GC Precious Log:
 CPUs: 12 total, 12 available
 Memory: 19837M
 Large Page Support: Disabled
 NUMA Support: Disabled
 Compressed Oops: Enabled (Zero based)
 Heap Region Size: 2M
 Heap Min Capacity: 8M
 Heap Initial Capacity: 310M
 Heap Max Capacity: 4G
 Pre-touch: Disabled
 Parallel Workers: 10
 Concurrent Workers: 3
 Concurrent Refinement Workers: 10
 Periodic GC: Disabled
Heap:
 garbage-first heap   total 808960K, used 301066K [0x0000000700000000, 0x0000000800000000)
  region size 2048K, 2 young (4096K), 2 survivors (4096K)
 Metaspace       used 249592K, committed 251648K, reserved 1310720K
  class space    used 32288K, committed 33216K, reserved 1048576K
GC Heap History (20 events):
Event: 2281.880 GC heap after
{Heap after GC invocations=107 (full 0):
 garbage-first heap   total 724992K, used 241225K [0x0000000700000000, 0x0000000800000000)
  region size 2048K, 2 young (4096K), 2 survivors (4096K)
 Metaspace       used 189802K, committed 191744K, reserved 1245184K
  class space    used 25798K, committed 26688K, reserved 1048576K
}
Event: 2281.968 GC heap before
{Heap before GC invocations=107 (full 0):
 garbage-first heap   total 724992K, used 247369K [0x0000000700000000, 0x0000000800000000)
  region size 2048K, 6 young (12288K), 2 survivors (4096K)
 Metaspace       used 190930K, committed 192832K, reserved 1245184K
  class space    used 25942K, committed 26816K, reserved 1048576K
}
Event: 2281.971 GC heap after
{Heap after GC invocations=108 (full 0):
 garbage-first heap   total 724992K, used 239731K [0x0000000700000000, 0x0000000800000000)
  region size 2048K, 1 young (2048K), 1 survivors (2048K)
 Metaspace       used 190930K, committed 192832K, reserved 1245184K
  class space    used 25942K, committed 26816K, reserved 1048576K
}
Event: 2285.307 GC heap before
{Heap before GC invocations=109 (full 0):
 garbage-first heap   total 724992K, used 616563K [0x0000000700000000, 0x0000000800000000)
  region size 2048K, 179 young (366592K), 1 survivors (2048K)
 Metaspace       used 216463K, committed 218432K, reserved 1245184K
  class space    used 28810K, committed 29696K, reserved 1048576K
}
Event: 2285.328 GC heap after
{Heap after GC invocations=110 (full 0):
 garbage-first heap   total 724992K, used 288292K [0x0000000700000000, 0x0000000800000000)
  region size 2048K, 22 young (45056K), 22 survivors (45056K)
 Metaspace       used 216463K, committed 218432K, reserved 1245184K
  class space    used 28810K, committed 29696K, reserved 1048576K
}
Event: 2285.368 GC heap before
{Heap before GC invocations=110 (full 0):
 garbage-first heap   total 724992K, used 290340K [0x0000000700000000, 0x0000000800000000)
  region size 2048K, 23 young (47104K), 22 survivors (45056K)
 Metaspace       used 216728K, committed 218688K, reserved 1245184K
  class space    used 28850K, committed 29760K, reserved 1048576K
}
Event: 2285.387 GC heap after
{Heap after GC invocations=111 (full 0):
 garbage-first heap   total 724992K, used 268204K [0x0000000700000000, 0x0000000800000000)
  region size 2048K, 3 young (6144K), 3 survivors (6144K)
 Metaspace       used 216728K, committed 218688K, reserved 1245184K
  class space    used 28850K, committed 29760K, reserved 1048576K
}
Event: 2289.891 GC heap before
{Heap before GC invocations=111 (full 0):
 garbage-first heap   total 724992K, used 589740K [0x0000000700000000, 0x0000000800000000)
  region size 2048K, 160 young (327680K), 3 survivors (6144K)
 Metaspace       used 238005K, committed 240000K, reserved 1310720K
  class space    used 30818K, committed 31744K, reserved 1048576K
}
Event: 2289.897 GC heap after
{Heap after GC invocations=112 (full 0):
 garbage-first heap   total 724992K, used 265247K [0x0000000700000000, 0x0000000800000000)
  region size 2048K, 5 young (10240K), 5 survivors (10240K)
 Metaspace       used 238005K, committed 240000K, reserved 1310720K
  class space    used 30818K, committed 31744K, reserved 1048576K
}
Event: 2293.003 GC heap before
{Heap before GC invocations=113 (full 0):
 garbage-first heap   total 724992K, used 605215K [0x0000000700000000, 0x0000000800000000)
  region size 2048K, 165 young (337920K), 5 survivors (10240K)
 Metaspace       used 243502K, committed 245504K, reserved 1310720K
  class space    used 31607K, committed 32512K, reserved 1048576K
}
Event: 2293.015 GC heap after
{Heap after GC invocations=114 (full 0):
 garbage-first heap   total 724992K, used 296120K [0x0000000700000000, 0x0000000800000000)
  region size 2048K, 13 young (26624K), 13 survivors (26624K)
 Metaspace       used 243502K, committed 245504K, reserved 1310720K
  class space    used 31607K, committed 32512K, reserved 1048576K
}
Event: 2293.095 GC heap before
{Heap before GC invocations=114 (full 0):
 garbage-first heap   total 724992K, used 304312K [0x0000000700000000, 0x0000000800000000)
  region size 2048K, 17 young (34816K), 13 survivors (26624K)
 Metaspace       used 243502K, committed 245504K, reserved 1310720K
  class space    used 31607K, committed 32512K, reserved 1048576K
}
Event: 2293.106 GC heap after
{Heap after GC invocations=115 (full 0):
 garbage-first heap   total 724992K, used 292417K [0x0000000700000000, 0x0000000800000000)
  region size 2048K, 3 young (6144K), 3 survivors (6144K)
 Metaspace       used 243502K, committed 245504K, reserved 1310720K
  class space    used 31607K, committed 32512K, reserved 1048576K
}
Event: 2295.801 GC heap before
{Heap before GC invocations=115 (full 0):
 garbage-first heap   total 724992K, used 601665K [0x0000000700000000, 0x0000000800000000)
  region size 2048K, 154 young (315392K), 3 survivors (6144K)
 Metaspace       used 243503K, committed 245504K, reserved 1310720K
  class space    used 31607K, committed 32512K, reserved 1048576K
}
Event: 2295.809 GC heap after
{Heap after GC invocations=116 (full 0):
 garbage-first heap   total 724992K, used 299731K [0x0000000700000000, 0x0000000800000000)
  region size 2048K, 7 young (14336K), 7 survivors (14336K)
 Metaspace       used 243503K, committed 245504K, reserved 1310720K
  class space    used 31607K, committed 32512K, reserved 1048576K
}
Event: 2297.948 GC heap before
{Heap before GC invocations=117 (full 0):
 garbage-first heap   total 724992K, used 608979K [0x0000000700000000, 0x0000000800000000)
  region size 2048K, 155 young (317440K), 7 survivors (14336K)
 Metaspace       used 244004K, committed 246080K, reserved 1310720K
  class space    used 31681K, committed 32640K, reserved 1048576K
}
Event: 2297.959 GC heap after
{Heap after GC invocations=118 (full 0):
 garbage-first heap   total 724992K, used 306594K [0x0000000700000000, 0x0000000800000000)
  region size 2048K, 10 young (20480K), 10 survivors (20480K)
 Metaspace       used 244004K, committed 246080K, reserved 1310720K
  class space    used 31681K, committed 32640K, reserved 1048576K
}
Event: 2298.215 GC heap before
{Heap before GC invocations=118 (full 0):
 garbage-first heap   total 724992K, used 318882K [0x0000000700000000, 0x0000000800000000)
  region size 2048K, 17 young (34816K), 10 survivors (20480K)
 Metaspace       used 246020K, committed 248064K, reserved 1310720K
  class space    used 31895K, committed 32832K, reserved 1048576K
}
Event: 2298.225 GC heap after
{Heap after GC invocations=119 (full 0):
 garbage-first heap   total 724992K, used 300586K [0x0000000700000000, 0x0000000800000000)
  region size 2048K, 2 young (4096K), 2 survivors (4096K)
 Metaspace       used 246020K, committed 248064K, reserved 1310720K
  class space    used 31895K, committed 32832K, reserved 1048576K
}
Event: 2298.720 GC heap before
{Heap before GC invocations=119 (full 0):
 garbage-first heap   total 724992K, used 335402K [0x0000000700000000, 0x0000000800000000)
  region size 2048K, 21 young (43008K), 2 survivors (4096K)
 Metaspace       used 249592K, committed 251648K, reserved 1310720K
  class space    used 32288K, committed 33216K, reserved 1048576K
}

