# JRE version: OpenJDK Runtime Environment (17.0.10) (build 17.0.10+0--11572160)
# Java VM: OpenJDK 64-Bit Server VM (17.0.10+0--11572160, mixed mode, tiered, compressed oops, compressed class ptrs, g1 gc, windows-amd64)
GC Precious Log:
 CPUs: 12 total, 12 available
 Memory: 19837M
 Large Page Support: Disabled
 NUMA Support: Disabled
 Compressed Oops: Enabled (Zero based)
 Heap Region Size: 2M
 Heap Min Capacity: 8M
 Heap Initial Capacity: 310M
 Heap Max Capacity: 4G
 Pre-touch: Disabled
 Parallel Workers: 10
 Concurrent Workers: 3
 Concurrent Refinement Workers: 10
 Periodic GC: Disabled
Heap:
 garbage-first heap   total 557056K, used 280175K [0x0000000700000000, 0x0000000800000000)
  region size 2048K, 10 young (20480K), 10 survivors (20480K)
 Metaspace       used 222259K, committed 223872K, reserved 1245184K
  class space    used 28844K, committed 29632K, reserved 1048576K
GC Heap History (20 events):
Event: 655.545 GC heap after
{Heap after GC invocations=78 (full 0):
 garbage-first heap   total 557056K, used 191093K [0x0000000700000000, 0x0000000800000000)
  region size 2048K, 2 young (4096K), 2 survivors (4096K)
 Metaspace       used 141639K, committed 142912K, reserved 1179648K
  class space    used 19261K, committed 19840K, reserved 1048576K
}
Event: 655.975 GC heap before
{Heap before GC invocations=78 (full 0):
 garbage-first heap   total 557056K, used 238197K [0x0000000700000000, 0x0000000800000000)
  region size 2048K, 27 young (55296K), 2 survivors (4096K)
 Metaspace       used 141785K, committed 143040K, reserved 1179648K
  class space    used 19262K, committed 19840K, reserved 1048576K
}
Event: 655.978 GC heap after
{Heap after GC invocations=79 (full 0):
 garbage-first heap   total 557056K, used 189753K [0x0000000700000000, 0x0000000800000000)
  region size 2048K, 1 young (2048K), 1 survivors (2048K)
 Metaspace       used 141785K, committed 143040K, reserved 1179648K
  class space    used 19262K, committed 19840K, reserved 1048576K
}
Event: 3606.220 GC heap before
{Heap before GC invocations=80 (full 0):
 garbage-first heap   total 557056K, used 529721K [0x0000000700000000, 0x0000000800000000)
  region size 2048K, 131 young (268288K), 1 survivors (2048K)
 Metaspace       used 159424K, committed 160960K, reserved 1245184K
  class space    used 21942K, committed 22656K, reserved 1048576K
}
Event: 3606.241 GC heap after
{Heap after GC invocations=81 (full 0):
 garbage-first heap   total 557056K, used 241088K [0x0000000700000000, 0x0000000800000000)
  region size 2048K, 10 young (20480K), 10 survivors (20480K)
 Metaspace       used 159424K, committed 160960K, reserved 1245184K
  class space    used 21942K, committed 22656K, reserved 1048576K
}
Event: 3606.263 GC heap before
{Heap before GC invocations=81 (full 0):
 garbage-first heap   total 557056K, used 247232K [0x0000000700000000, 0x0000000800000000)
  region size 2048K, 13 young (26624K), 10 survivors (20480K)
 Metaspace       used 159424K, committed 160960K, reserved 1245184K
  class space    used 21942K, committed 22656K, reserved 1048576K
}
Event: 3606.292 GC heap after
{Heap after GC invocations=82 (full 0):
 garbage-first heap   total 557056K, used 223929K [0x0000000700000000, 0x0000000800000000)
  region size 2048K, 2 young (4096K), 2 survivors (4096K)
 Metaspace       used 159424K, committed 160960K, reserved 1245184K
  class space    used 21942K, committed 22656K, reserved 1048576K
}
Event: 3607.056 GC heap before
{Heap before GC invocations=82 (full 0):
 garbage-first heap   total 557056K, used 338617K [0x0000000700000000, 0x0000000800000000)
  region size 2048K, 59 young (120832K), 2 survivors (4096K)
 Metaspace       used 163775K, committed 165248K, reserved 1245184K
  class space    used 22450K, committed 23168K, reserved 1048576K
}
Event: 3607.071 GC heap after
{Heap after GC invocations=83 (full 0):
 garbage-first heap   total 557056K, used 243582K [0x0000000700000000, 0x0000000800000000)
  region size 2048K, 14 young (28672K), 14 survivors (28672K)
 Metaspace       used 163775K, committed 165248K, reserved 1245184K
  class space    used 22450K, committed 23168K, reserved 1048576K
}
Event: 3608.907 GC heap before
{Heap before GC invocations=84 (full 0):
 garbage-first heap   total 557056K, used 436094K [0x0000000700000000, 0x0000000800000000)
  region size 2048K, 105 young (215040K), 14 survivors (28672K)
 Metaspace       used 180149K, committed 181632K, reserved 1245184K
  class space    used 24300K, committed 25024K, reserved 1048576K
}
Event: 3608.925 GC heap after
{Heap after GC invocations=85 (full 0):
 garbage-first heap   total 557056K, used 262036K [0x0000000700000000, 0x0000000800000000)
  region size 2048K, 7 young (14336K), 7 survivors (14336K)
 Metaspace       used 180149K, committed 181632K, reserved 1245184K
  class space    used 24300K, committed 25024K, reserved 1048576K
}
Event: 3609.046 GC heap before
{Heap before GC invocations=85 (full 0):
 garbage-first heap   total 557056K, used 274324K [0x0000000700000000, 0x0000000800000000)
  region size 2048K, 13 young (26624K), 7 survivors (14336K)
 Metaspace       used 180616K, committed 182080K, reserved 1245184K
  class space    used 24355K, committed 25088K, reserved 1048576K
}
Event: 3609.055 GC heap after
{Heap after GC invocations=86 (full 0):
 garbage-first heap   total 557056K, used 245295K [0x0000000700000000, 0x0000000800000000)
  region size 2048K, 2 young (4096K), 2 survivors (4096K)
 Metaspace       used 180616K, committed 182080K, reserved 1245184K
  class space    used 24355K, committed 25088K, reserved 1048576K
}
Event: 3611.411 GC heap before
{Heap before GC invocations=86 (full 0):
 garbage-first heap   total 557056K, used 433711K [0x0000000700000000, 0x0000000800000000)
  region size 2048K, 94 young (192512K), 2 survivors (4096K)
 Metaspace       used 200982K, committed 202496K, reserved 1245184K
  class space    used 26536K, committed 27264K, reserved 1048576K
}
Event: 3611.418 GC heap after
{Heap after GC invocations=87 (full 0):
 garbage-first heap   total 557056K, used 253502K [0x0000000700000000, 0x0000000800000000)
  region size 2048K, 6 young (12288K), 6 survivors (12288K)
 Metaspace       used 200982K, committed 202496K, reserved 1245184K
  class space    used 26536K, committed 27264K, reserved 1048576K
}
Event: 3614.203 GC heap before
{Heap before GC invocations=88 (full 0):
 garbage-first heap   total 557056K, used 454206K [0x0000000700000000, 0x0000000800000000)
  region size 2048K, 98 young (200704K), 6 survivors (12288K)
 Metaspace       used 207145K, committed 208704K, reserved 1245184K
  class space    used 26966K, committed 27712K, reserved 1048576K
}
Event: 3614.212 GC heap after
{Heap after GC invocations=89 (full 0):
 garbage-first heap   total 557056K, used 265497K [0x0000000700000000, 0x0000000800000000)
  region size 2048K, 8 young (16384K), 8 survivors (16384K)
 Metaspace       used 207145K, committed 208704K, reserved 1245184K
  class space    used 26966K, committed 27712K, reserved 1048576K
}
Event: 3614.338 GC heap before
{Heap before GC invocations=89 (full 0):
 garbage-first heap   total 557056K, used 275737K [0x0000000700000000, 0x0000000800000000)
  region size 2048K, 13 young (26624K), 8 survivors (16384K)
 Metaspace       used 207444K, committed 209024K, reserved 1245184K
  class space    used 27015K, committed 27776K, reserved 1048576K
}
Event: 3614.349 GC heap after
{Heap after GC invocations=90 (full 0):
 garbage-first heap   total 557056K, used 262071K [0x0000000700000000, 0x0000000800000000)
  region size 2048K, 2 young (4096K), 2 survivors (4096K)
 Metaspace       used 207444K, committed 209024K, reserved 1245184K
  class space    used 27015K, committed 27776K, reserved 1048576K
}
Event: 3628.088 GC heap before
{Heap before GC invocations=90 (full 0):
 garbage-first heap   total 557056K, used 448439K [0x0000000700000000, 0x0000000800000000)
  region size 2048K, 93 young (190464K), 2 survivors (4096K)
 Metaspace       used 222259K, committed 223872K, reserved 1245184K
  class space    used 28844K, committed 29632K, reserved 1048576K
}

