# JRE version: OpenJDK Runtime Environment (17.0.10) (build 17.0.10+0--11572160)
# Java VM: OpenJDK 64-Bit Server VM (17.0.10+0--11572160, mixed mode, tiered, compressed oops, compressed class ptrs, g1 gc, windows-amd64)
GC Precious Log:
 CPUs: 12 total, 12 available
 Memory: 19837M
 Large Page Support: Disabled
 NUMA Support: Disabled
 Compressed Oops: Enabled (Zero based)
 Heap Region Size: 2M
 Heap Min Capacity: 8M
 Heap Initial Capacity: 310M
 Heap Max Capacity: 4G
 Pre-touch: Disabled
 Parallel Workers: 10
 Concurrent Workers: 3
 Concurrent Refinement Workers: 10
 Periodic GC: Disabled
Heap:
 garbage-first heap   total 659456K, used 396288K [0x0000000700000000, 0x0000000800000000)
  region size 2048K, 2 young (4096K), 2 survivors (4096K)
 Metaspace       used 212435K, committed 213568K, reserved 1245184K
  class space    used 26927K, committed 27520K, reserved 1048576K
GC Heap History (20 events):
Event: 59.050 GC heap after
{Heap after GC invocations=51 (full 0):
 garbage-first heap   total 481280K, used 248176K [0x0000000700000000, 0x0000000800000000)
  region size 2048K, 10 young (20480K), 10 survivors (20480K)
 Metaspace       used 201108K, committed 202176K, reserved 1245184K
  class space    used 25580K, committed 26112K, reserved 1048576K
}
Event: 60.912 GC heap before
{Heap before GC invocations=51 (full 0):
 garbage-first heap   total 481280K, used 393584K [0x0000000700000000, 0x0000000800000000)
  region size 2048K, 82 young (167936K), 10 survivors (20480K)
 Metaspace       used 207899K, committed 209024K, reserved 1245184K
  class space    used 26288K, committed 26816K, reserved 1048576K
}
Event: 60.927 GC heap after
{Heap after GC invocations=52 (full 0):
 garbage-first heap   total 481280K, used 258511K [0x0000000700000000, 0x0000000800000000)
  region size 2048K, 6 young (12288K), 6 survivors (12288K)
 Metaspace       used 207899K, committed 209024K, reserved 1245184K
  class space    used 26288K, committed 26816K, reserved 1048576K
}
Event: 62.333 GC heap before
{Heap before GC invocations=52 (full 0):
 garbage-first heap   total 481280K, used 397775K [0x0000000700000000, 0x0000000800000000)
  region size 2048K, 75 young (153600K), 6 survivors (12288K)
 Metaspace       used 208405K, committed 209536K, reserved 1245184K
  class space    used 26325K, committed 26880K, reserved 1048576K
}
Event: 62.343 GC heap after
{Heap after GC invocations=53 (full 0):
 garbage-first heap   total 481280K, used 265933K [0x0000000700000000, 0x0000000800000000)
  region size 2048K, 10 young (20480K), 10 survivors (20480K)
 Metaspace       used 208405K, committed 209536K, reserved 1245184K
  class space    used 26325K, committed 26880K, reserved 1048576K
}
Event: 63.332 GC heap before
{Heap before GC invocations=53 (full 0):
 garbage-first heap   total 481280K, used 397005K [0x0000000700000000, 0x0000000800000000)
  region size 2048K, 75 young (153600K), 10 survivors (20480K)
 Metaspace       used 208582K, committed 209728K, reserved 1245184K
  class space    used 26343K, committed 26880K, reserved 1048576K
}
Event: 63.344 GC heap after
{Heap after GC invocations=54 (full 0):
 garbage-first heap   total 481280K, used 271892K [0x0000000700000000, 0x0000000800000000)
  region size 2048K, 8 young (16384K), 8 survivors (16384K)
 Metaspace       used 208582K, committed 209728K, reserved 1245184K
  class space    used 26343K, committed 26880K, reserved 1048576K
}
Event: 63.990 GC heap before
{Heap before GC invocations=54 (full 0):
 garbage-first heap   total 481280K, used 349716K [0x0000000700000000, 0x0000000800000000)
  region size 2048K, 30 young (61440K), 8 survivors (16384K)
 Metaspace       used 208978K, committed 210048K, reserved 1245184K
  class space    used 26397K, committed 26880K, reserved 1048576K
}
Event: 63.999 GC heap after
{Heap after GC invocations=55 (full 0):
 garbage-first heap   total 481280K, used 331429K [0x0000000700000000, 0x0000000800000000)
  region size 2048K, 9 young (18432K), 9 survivors (18432K)
 Metaspace       used 208978K, committed 210048K, reserved 1245184K
  class space    used 26397K, committed 26880K, reserved 1048576K
}
Event: 64.457 GC heap before
{Heap before GC invocations=56 (full 0):
 garbage-first heap   total 563200K, used 417445K [0x0000000700000000, 0x0000000800000000)
  region size 2048K, 36 young (73728K), 9 survivors (18432K)
 Metaspace       used 211905K, committed 212992K, reserved 1245184K
  class space    used 26861K, committed 27392K, reserved 1048576K
}
Event: 64.467 GC heap after
{Heap after GC invocations=57 (full 0):
 garbage-first heap   total 563200K, used 359661K [0x0000000700000000, 0x0000000800000000)
  region size 2048K, 5 young (10240K), 5 survivors (10240K)
 Metaspace       used 211905K, committed 212992K, reserved 1245184K
  class space    used 26861K, committed 27392K, reserved 1048576K
}
Event: 64.474 GC heap before
{Heap before GC invocations=57 (full 0):
 garbage-first heap   total 563200K, used 388333K [0x0000000700000000, 0x0000000800000000)
  region size 2048K, 13 young (26624K), 5 survivors (10240K)
 Metaspace       used 211905K, committed 212992K, reserved 1245184K
  class space    used 26861K, committed 27392K, reserved 1048576K
}
Event: 64.484 GC heap after
{Heap after GC invocations=58 (full 0):
 garbage-first heap   total 563200K, used 322076K [0x0000000700000000, 0x0000000800000000)
  region size 2048K, 2 young (4096K), 2 survivors (4096K)
 Metaspace       used 211905K, committed 212992K, reserved 1245184K
  class space    used 26861K, committed 27392K, reserved 1048576K
}
Event: 64.498 GC heap before
{Heap before GC invocations=58 (full 0):
 garbage-first heap   total 563200K, used 379420K [0x0000000700000000, 0x0000000800000000)
  region size 2048K, 13 young (26624K), 2 survivors (4096K)
 Metaspace       used 211908K, committed 212992K, reserved 1245184K
  class space    used 26861K, committed 27392K, reserved 1048576K
}
Event: 64.506 GC heap after
{Heap after GC invocations=59 (full 0):
 garbage-first heap   total 563200K, used 336839K [0x0000000700000000, 0x0000000800000000)
  region size 2048K, 2 young (4096K), 2 survivors (4096K)
 Metaspace       used 211908K, committed 212992K, reserved 1245184K
  class space    used 26861K, committed 27392K, reserved 1048576K
}
Event: 65.076 GC heap before
{Heap before GC invocations=59 (full 0):
 garbage-first heap   total 563200K, used 459719K [0x0000000700000000, 0x0000000800000000)
  region size 2048K, 63 young (129024K), 2 survivors (4096K)
 Metaspace       used 212265K, committed 213376K, reserved 1245184K
  class space    used 26903K, committed 27456K, reserved 1048576K
}
Event: 65.097 GC heap after
{Heap after GC invocations=60 (full 0):
 garbage-first heap   total 563200K, used 369340K [0x0000000700000000, 0x0000000800000000)
  region size 2048K, 8 young (16384K), 8 survivors (16384K)
 Metaspace       used 212265K, committed 213376K, reserved 1245184K
  class space    used 26903K, committed 27456K, reserved 1048576K
}
Event: 65.483 GC heap before
{Heap before GC invocations=61 (full 0):
 garbage-first heap   total 659456K, used 455356K [0x0000000700000000, 0x0000000800000000)
  region size 2048K, 48 young (98304K), 8 survivors (16384K)
 Metaspace       used 212435K, committed 213568K, reserved 1245184K
  class space    used 26927K, committed 27520K, reserved 1048576K
}
Event: 65.511 GC heap after
{Heap after GC invocations=62 (full 0):
 garbage-first heap   total 659456K, used 394802K [0x0000000700000000, 0x0000000800000000)
  region size 2048K, 6 young (12288K), 6 survivors (12288K)
 Metaspace       used 212435K, committed 213568K, reserved 1245184K
  class space    used 26927K, committed 27520K, reserved 1048576K
}
Event: 65.550 GC heap before
{Heap before GC invocations=62 (full 0):
 garbage-first heap   total 659456K, used 415282K [0x0000000700000000, 0x0000000800000000)
  region size 2048K, 16 young (32768K), 6 survivors (12288K)
 Metaspace       used 212435K, committed 213568K, reserved 1245184K
  class space    used 26927K, committed 27520K, reserved 1048576K
}

