# JRE version: OpenJDK Runtime Environment (17.0.10) (build 17.0.10+0--11572160)
# Java VM: OpenJDK 64-Bit Server VM (17.0.10+0--11572160, mixed mode, tiered, compressed oops, compressed class ptrs, g1 gc, windows-amd64)
GC Precious Log:
 CPUs: 12 total, 12 available
 Memory: 19837M
 Large Page Support: Disabled
 NUMA Support: Disabled
 Compressed Oops: Enabled (32-bit)
 Heap Region Size: 1M
 Heap Min Capacity: 8M
 Heap Initial Capacity: 310M
 Heap Max Capacity: 2G
 Pre-touch: Disabled
 Parallel Workers: 10
 Concurrent Workers: 3
 Concurrent Refinement Workers: 10
 Periodic GC: Disabled
Heap:
 garbage-first heap   total 267264K, used 122424K [0x0000000080000000, 0x0000000100000000)
  region size 1024K, 6 young (6144K), 6 survivors (6144K)
 Metaspace       used 107278K, committed 108096K, reserved 1179648K
  class space    used 14792K, committed 15168K, reserved 1048576K
GC Heap History (20 events):
Event: 16.844 GC heap after
{Heap after GC invocations=29 (full 0):
 garbage-first heap   total 194560K, used 99556K [0x0000000080000000, 0x0000000100000000)
  region size 1024K, 1 young (1024K), 1 survivors (1024K)
 Metaspace       used 100872K, committed 101632K, reserved 1179648K
  class space    used 14011K, committed 14400K, reserved 1048576K
}
Event: 17.383 GC heap before
{Heap before GC invocations=29 (full 0):
 garbage-first heap   total 194560K, used 141540K [0x0000000080000000, 0x0000000100000000)
  region size 1024K, 44 young (45056K), 1 survivors (1024K)
 Metaspace       used 103309K, committed 104064K, reserved 1179648K
  class space    used 14293K, committed 14656K, reserved 1048576K
}
Event: 17.387 GC heap after
{Heap after GC invocations=30 (full 0):
 garbage-first heap   total 194560K, used 104373K [0x0000000080000000, 0x0000000100000000)
  region size 1024K, 6 young (6144K), 6 survivors (6144K)
 Metaspace       used 103309K, committed 104064K, reserved 1179648K
  class space    used 14293K, committed 14656K, reserved 1048576K
}
Event: 18.370 GC heap before
{Heap before GC invocations=31 (full 0):
 garbage-first heap   total 194560K, used 165813K [0x0000000080000000, 0x0000000100000000)
  region size 1024K, 61 young (62464K), 6 survivors (6144K)
 Metaspace       used 106294K, committed 107072K, reserved 1179648K
  class space    used 14695K, committed 15104K, reserved 1048576K
}
Event: 18.378 GC heap after
{Heap after GC invocations=32 (full 0):
 garbage-first heap   total 194560K, used 111424K [0x0000000080000000, 0x0000000100000000)
  region size 1024K, 8 young (8192K), 8 survivors (8192K)
 Metaspace       used 106294K, committed 107072K, reserved 1179648K
  class space    used 14695K, committed 15104K, reserved 1048576K
}
Event: 18.384 GC heap before
{Heap before GC invocations=32 (full 0):
 garbage-first heap   total 194560K, used 112448K [0x0000000080000000, 0x0000000100000000)
  region size 1024K, 9 young (9216K), 8 survivors (8192K)
 Metaspace       used 106296K, committed 107072K, reserved 1179648K
  class space    used 14695K, committed 15104K, reserved 1048576K
}
Event: 18.390 GC heap after
{Heap after GC invocations=33 (full 0):
 garbage-first heap   total 194560K, used 111653K [0x0000000080000000, 0x0000000100000000)
  region size 1024K, 2 young (2048K), 2 survivors (2048K)
 Metaspace       used 106296K, committed 107072K, reserved 1179648K
  class space    used 14695K, committed 15104K, reserved 1048576K
}
Event: 18.598 GC heap before
{Heap before GC invocations=33 (full 0):
 garbage-first heap   total 194560K, used 158757K [0x0000000080000000, 0x0000000100000000)
  region size 1024K, 48 young (49152K), 2 survivors (2048K)
 Metaspace       used 106365K, committed 107136K, reserved 1179648K
  class space    used 14696K, committed 15104K, reserved 1048576K
}
Event: 18.600 GC heap after
{Heap after GC invocations=34 (full 0):
 garbage-first heap   total 194560K, used 113772K [0x0000000080000000, 0x0000000100000000)
  region size 1024K, 4 young (4096K), 4 survivors (4096K)
 Metaspace       used 106365K, committed 107136K, reserved 1179648K
  class space    used 14696K, committed 15104K, reserved 1048576K
}
Event: 18.940 GC heap before
{Heap before GC invocations=35 (full 0):
 garbage-first heap   total 203776K, used 159852K [0x0000000080000000, 0x0000000100000000)
  region size 1024K, 49 young (50176K), 4 survivors (4096K)
 Metaspace       used 106527K, committed 107328K, reserved 1179648K
  class space    used 14694K, committed 15104K, reserved 1048576K
}
Event: 18.943 GC heap after
{Heap after GC invocations=36 (full 0):
 garbage-first heap   total 203776K, used 114626K [0x0000000080000000, 0x0000000100000000)
  region size 1024K, 5 young (5120K), 5 survivors (5120K)
 Metaspace       used 106527K, committed 107328K, reserved 1179648K
  class space    used 14694K, committed 15104K, reserved 1048576K
}
Event: 18.983 GC heap before
{Heap before GC invocations=36 (full 0):
 garbage-first heap   total 203776K, used 118722K [0x0000000080000000, 0x0000000100000000)
  region size 1024K, 9 young (9216K), 5 survivors (5120K)
 Metaspace       used 106528K, committed 107328K, reserved 1179648K
  class space    used 14694K, committed 15104K, reserved 1048576K
}
Event: 18.987 GC heap after
{Heap after GC invocations=37 (full 0):
 garbage-first heap   total 203776K, used 113153K [0x0000000080000000, 0x0000000100000000)
  region size 1024K, 2 young (2048K), 2 survivors (2048K)
 Metaspace       used 106528K, committed 107328K, reserved 1179648K
  class space    used 14694K, committed 15104K, reserved 1048576K
}
Event: 19.448 GC heap before
{Heap before GC invocations=37 (full 0):
 garbage-first heap   total 203776K, used 168449K [0x0000000080000000, 0x0000000100000000)
  region size 1024K, 55 young (56320K), 2 survivors (2048K)
 Metaspace       used 106857K, committed 107584K, reserved 1179648K
  class space    used 14745K, committed 15104K, reserved 1048576K
}
Event: 19.452 GC heap after
{Heap after GC invocations=38 (full 0):
 garbage-first heap   total 203776K, used 116727K [0x0000000080000000, 0x0000000100000000)
  region size 1024K, 5 young (5120K), 5 survivors (5120K)
 Metaspace       used 106857K, committed 107584K, reserved 1179648K
  class space    used 14745K, committed 15104K, reserved 1048576K
}
Event: 19.911 GC heap before
{Heap before GC invocations=38 (full 0):
 garbage-first heap   total 203776K, used 166903K [0x0000000080000000, 0x0000000100000000)
  region size 1024K, 55 young (56320K), 5 survivors (5120K)
 Metaspace       used 107028K, committed 107776K, reserved 1179648K
  class space    used 14770K, committed 15168K, reserved 1048576K
}
Event: 19.915 GC heap after
{Heap after GC invocations=39 (full 0):
 garbage-first heap   total 203776K, used 117716K [0x0000000080000000, 0x0000000100000000)
  region size 1024K, 5 young (5120K), 5 survivors (5120K)
 Metaspace       used 107028K, committed 107776K, reserved 1179648K
  class space    used 14770K, committed 15168K, reserved 1048576K
}
Event: 20.156 GC heap before
{Heap before GC invocations=39 (full 0):
 garbage-first heap   total 203776K, used 166868K [0x0000000080000000, 0x0000000100000000)
  region size 1024K, 54 young (55296K), 5 survivors (5120K)
 Metaspace       used 107109K, committed 107840K, reserved 1179648K
  class space    used 14782K, committed 15168K, reserved 1048576K
}
Event: 20.160 GC heap after
{Heap after GC invocations=40 (full 0):
 garbage-first heap   total 203776K, used 119456K [0x0000000080000000, 0x0000000100000000)
  region size 1024K, 5 young (5120K), 5 survivors (5120K)
 Metaspace       used 107109K, committed 107840K, reserved 1179648K
  class space    used 14782K, committed 15168K, reserved 1048576K
}
Event: 20.534 GC heap before
{Heap before GC invocations=40 (full 0):
 garbage-first heap   total 203776K, used 167584K [0x0000000080000000, 0x0000000100000000)
  region size 1024K, 53 young (54272K), 5 survivors (5120K)
 Metaspace       used 107278K, committed 108096K, reserved 1179648K
  class space    used 14792K, committed 15168K, reserved 1048576K
}

