# JRE version: OpenJDK Runtime Environment (17.0.10) (build 17.0.10+0--11572160)
# Java VM: OpenJDK 64-Bit Server VM (17.0.10+0--11572160, mixed mode, tiered, compressed oops, compressed class ptrs, g1 gc, windows-amd64)
GC Precious Log:
 CPUs: 12 total, 12 available
 Memory: 19837M
 Large Page Support: Disabled
 NUMA Support: Disabled
 Compressed Oops: Enabled (32-bit)
 Heap Region Size: 1M
 Heap Min Capacity: 8M
 Heap Initial Capacity: 310M
 Heap Max Capacity: 2G
 Pre-touch: Disabled
 Parallel Workers: 10
 Concurrent Workers: 3
 Concurrent Refinement Workers: 10
 Periodic GC: Disabled
Heap:
 garbage-first heap   total 199680K, used 121098K [0x0000000080000000, 0x0000000100000000)
  region size 1024K, 5 young (5120K), 5 survivors (5120K)
 Metaspace       used 107241K, committed 107904K, reserved 1179648K
  class space    used 14786K, committed 15104K, reserved 1048576K
GC Heap History (20 events):
Event: 16.002 GC heap after
{Heap after GC invocations=29 (full 0):
 garbage-first heap   total 194560K, used 97971K [0x0000000080000000, 0x0000000100000000)
  region size 1024K, 2 young (2048K), 2 survivors (2048K)
 Metaspace       used 100911K, committed 101568K, reserved 1179648K
  class space    used 14022K, committed 14336K, reserved 1048576K
}
Event: 16.479 GC heap before
{Heap before GC invocations=29 (full 0):
 garbage-first heap   total 194560K, used 138931K [0x0000000080000000, 0x0000000100000000)
  region size 1024K, 44 young (45056K), 2 survivors (2048K)
 Metaspace       used 103267K, committed 104000K, reserved 1179648K
  class space    used 14295K, committed 14656K, reserved 1048576K
}
Event: 16.483 GC heap after
{Heap after GC invocations=30 (full 0):
 garbage-first heap   total 194560K, used 102390K [0x0000000080000000, 0x0000000100000000)
  region size 1024K, 6 young (6144K), 6 survivors (6144K)
 Metaspace       used 103267K, committed 104000K, reserved 1179648K
  class space    used 14295K, committed 14656K, reserved 1048576K
}
Event: 17.538 GC heap before
{Heap before GC invocations=31 (full 0):
 garbage-first heap   total 194560K, used 163830K [0x0000000080000000, 0x0000000100000000)
  region size 1024K, 62 young (63488K), 6 survivors (6144K)
 Metaspace       used 106281K, committed 107008K, reserved 1179648K
  class space    used 14691K, committed 15040K, reserved 1048576K
}
Event: 17.548 GC heap after
{Heap after GC invocations=32 (full 0):
 garbage-first heap   total 194560K, used 109729K [0x0000000080000000, 0x0000000100000000)
  region size 1024K, 8 young (8192K), 8 survivors (8192K)
 Metaspace       used 106281K, committed 107008K, reserved 1179648K
  class space    used 14691K, committed 15040K, reserved 1048576K
}
Event: 17.555 GC heap before
{Heap before GC invocations=32 (full 0):
 garbage-first heap   total 194560K, used 110753K [0x0000000080000000, 0x0000000100000000)
  region size 1024K, 9 young (9216K), 8 survivors (8192K)
 Metaspace       used 106283K, committed 107008K, reserved 1179648K
  class space    used 14691K, committed 15040K, reserved 1048576K
}
Event: 17.561 GC heap after
{Heap after GC invocations=33 (full 0):
 garbage-first heap   total 194560K, used 110267K [0x0000000080000000, 0x0000000100000000)
  region size 1024K, 2 young (2048K), 2 survivors (2048K)
 Metaspace       used 106283K, committed 107008K, reserved 1179648K
  class space    used 14691K, committed 15040K, reserved 1048576K
}
Event: 17.766 GC heap before
{Heap before GC invocations=33 (full 0):
 garbage-first heap   total 194560K, used 157371K [0x0000000080000000, 0x0000000100000000)
  region size 1024K, 49 young (50176K), 2 survivors (2048K)
 Metaspace       used 106372K, committed 107072K, reserved 1179648K
  class space    used 14691K, committed 15040K, reserved 1048576K
}
Event: 17.770 GC heap after
{Heap after GC invocations=34 (full 0):
 garbage-first heap   total 194560K, used 112494K [0x0000000080000000, 0x0000000100000000)
  region size 1024K, 4 young (4096K), 4 survivors (4096K)
 Metaspace       used 106372K, committed 107072K, reserved 1179648K
  class space    used 14691K, committed 15040K, reserved 1048576K
}
Event: 18.112 GC heap before
{Heap before GC invocations=35 (full 0):
 garbage-first heap   total 199680K, used 159598K [0x0000000080000000, 0x0000000100000000)
  region size 1024K, 50 young (51200K), 4 survivors (4096K)
 Metaspace       used 106516K, committed 107200K, reserved 1179648K
  class space    used 14690K, committed 15040K, reserved 1048576K
}
Event: 18.116 GC heap after
{Heap after GC invocations=36 (full 0):
 garbage-first heap   total 199680K, used 113488K [0x0000000080000000, 0x0000000100000000)
  region size 1024K, 5 young (5120K), 5 survivors (5120K)
 Metaspace       used 106516K, committed 107200K, reserved 1179648K
  class space    used 14690K, committed 15040K, reserved 1048576K
}
Event: 18.142 GC heap before
{Heap before GC invocations=36 (full 0):
 garbage-first heap   total 199680K, used 117584K [0x0000000080000000, 0x0000000100000000)
  region size 1024K, 9 young (9216K), 5 survivors (5120K)
 Metaspace       used 106528K, committed 107264K, reserved 1179648K
  class space    used 14690K, committed 15040K, reserved 1048576K
}
Event: 18.146 GC heap after
{Heap after GC invocations=37 (full 0):
 garbage-first heap   total 199680K, used 112314K [0x0000000080000000, 0x0000000100000000)
  region size 1024K, 2 young (2048K), 2 survivors (2048K)
 Metaspace       used 106528K, committed 107264K, reserved 1179648K
  class space    used 14690K, committed 15040K, reserved 1048576K
}
Event: 18.516 GC heap before
{Heap before GC invocations=37 (full 0):
 garbage-first heap   total 199680K, used 165562K [0x0000000080000000, 0x0000000100000000)
  region size 1024K, 53 young (54272K), 2 survivors (2048K)
 Metaspace       used 106865K, committed 107584K, reserved 1179648K
  class space    used 14743K, committed 15104K, reserved 1048576K
}
Event: 18.520 GC heap after
{Heap after GC invocations=38 (full 0):
 garbage-first heap   total 199680K, used 115117K [0x0000000080000000, 0x0000000100000000)
  region size 1024K, 5 young (5120K), 5 survivors (5120K)
 Metaspace       used 106865K, committed 107584K, reserved 1179648K
  class space    used 14743K, committed 15104K, reserved 1048576K
}
Event: 18.813 GC heap before
{Heap before GC invocations=38 (full 0):
 garbage-first heap   total 199680K, used 163245K [0x0000000080000000, 0x0000000100000000)
  region size 1024K, 53 young (54272K), 5 survivors (5120K)
 Metaspace       used 107038K, committed 107776K, reserved 1179648K
  class space    used 14767K, committed 15104K, reserved 1048576K
}
Event: 18.817 GC heap after
{Heap after GC invocations=39 (full 0):
 garbage-first heap   total 199680K, used 116800K [0x0000000080000000, 0x0000000100000000)
  region size 1024K, 4 young (4096K), 4 survivors (4096K)
 Metaspace       used 107038K, committed 107776K, reserved 1179648K
  class space    used 14767K, committed 15104K, reserved 1048576K
}
Event: 19.006 GC heap before
{Heap before GC invocations=39 (full 0):
 garbage-first heap   total 199680K, used 163904K [0x0000000080000000, 0x0000000100000000)
  region size 1024K, 51 young (52224K), 4 survivors (4096K)
 Metaspace       used 107122K, committed 107840K, reserved 1179648K
  class space    used 14779K, committed 15104K, reserved 1048576K
}
Event: 19.010 GC heap after
{Heap after GC invocations=40 (full 0):
 garbage-first heap   total 199680K, used 118735K [0x0000000080000000, 0x0000000100000000)
  region size 1024K, 5 young (5120K), 5 survivors (5120K)
 Metaspace       used 107122K, committed 107840K, reserved 1179648K
  class space    used 14779K, committed 15104K, reserved 1048576K
}
Event: 19.273 GC heap before
{Heap before GC invocations=40 (full 0):
 garbage-first heap   total 199680K, used 164815K [0x0000000080000000, 0x0000000100000000)
  region size 1024K, 51 young (52224K), 5 survivors (5120K)
 Metaspace       used 107241K, committed 107904K, reserved 1179648K
  class space    used 14786K, committed 15104K, reserved 1048576K
}

